{"/home/andreas/Documents/ai-military-productivity-assistant-openclaw-skill/src/analytics/EstimationAnalyzer.ts": {"path":"/home/andreas/Documents/ai-military-productivity-assistant-openclaw-skill/src/analytics/EstimationAnalyzer.ts","statementMap":{"0":{"start":{"line":8,"column":0},"end":{"line":8,"column":16}},"1":{"start":{"line":9,"column":21},"end":{"line":10,"column":null}},"2":{"start":{"line":10,"column":9},"end":{"line":10,"column":67}},"3":{"start":{"line":13,"column":2},"end":{"line":15,"column":3}},"4":{"start":{"line":14,"column":4},"end":{"line":14,"column":92}},"5":{"start":{"line":17,"column":19},"end":{"line":17,"column":83}},"6":{"start":{"line":17,"column":39},"end":{"line":17,"column":82}},"7":{"start":{"line":18,"column":21},"end":{"line":18,"column":74}},"8":{"start":{"line":18,"column":47},"end":{"line":18,"column":52}},"9":{"start":{"line":21,"column":25},"end":{"line":24,"column":4}},"10":{"start":{"line":22,"column":18},"end":{"line":22,"column":61}},"11":{"start":{"line":23,"column":4},"end":{"line":23,"column":56}},"12":{"start":{"line":25,"column":25},"end":{"line":26,"column":null}},"13":{"start":{"line":26,"column":36},"end":{"line":26,"column":41}},"14":{"start":{"line":29,"column":41},"end":{"line":29,"column":52}},"15":{"start":{"line":30,"column":2},"end":{"line":30,"column":47}},"16":{"start":{"line":30,"column":23},"end":{"line":30,"column":47}},"17":{"start":{"line":31,"column":2},"end":{"line":31,"column":47}},"18":{"start":{"line":31,"column":24},"end":{"line":31,"column":47}},"19":{"start":{"line":33,"column":2},"end":{"line":38,"column":4}}},"fnMap":{"0":{"name":"analyzeEstimations","decl":{"start":{"line":8,"column":16},"end":{"line":8,"column":34}},"loc":{"start":{"line":8,"column":54},"end":{"line":39,"column":1}}},"1":{"name":"(anonymous_1)","decl":{"start":{"line":10,"column":4},"end":{"line":10,"column":5}},"loc":{"start":{"line":10,"column":9},"end":{"line":10,"column":67}}},"2":{"name":"(anonymous_2)","decl":{"start":{"line":17,"column":34},"end":{"line":17,"column":35}},"loc":{"start":{"line":17,"column":39},"end":{"line":17,"column":82}}},"3":{"name":"(anonymous_3)","decl":{"start":{"line":18,"column":37},"end":{"line":18,"column":38}},"loc":{"start":{"line":18,"column":47},"end":{"line":18,"column":52}}},"4":{"name":"(anonymous_4)","decl":{"start":{"line":21,"column":40},"end":{"line":21,"column":41}},"loc":{"start":{"line":21,"column":44},"end":{"line":24,"column":3}}},"5":{"name":"(anonymous_5)","decl":{"start":{"line":26,"column":26},"end":{"line":26,"column":27}},"loc":{"start":{"line":26,"column":36},"end":{"line":26,"column":41}}}},"branchMap":{"0":{"loc":{"start":{"line":10,"column":9},"end":{"line":10,"column":67}},"type":"binary-expr","locations":[{"start":{"line":10,"column":9},"end":{"line":10,"column":30}},{"start":{"line":10,"column":34},"end":{"line":10,"column":67}}]},"1":{"loc":{"start":{"line":13,"column":2},"end":{"line":15,"column":3}},"type":"if","locations":[{"start":{"line":13,"column":2},"end":{"line":15,"column":3}}]},"2":{"loc":{"start":{"line":30,"column":2},"end":{"line":30,"column":47}},"type":"if","locations":[{"start":{"line":30,"column":2},"end":{"line":30,"column":47}}]},"3":{"loc":{"start":{"line":31,"column":2},"end":{"line":31,"column":47}},"type":"if","locations":[{"start":{"line":31,"column":2},"end":{"line":31,"column":47}}]}},"s":{"0":2,"1":7,"2":10,"3":7,"4":2,"5":5,"6":8,"7":5,"8":8,"9":5,"10":8,"11":8,"12":5,"13":8,"14":5,"15":5,"16":3,"17":5,"18":1,"19":5},"f":{"0":7,"1":10,"2":8,"3":8,"4":8,"5":8},"b":{"0":[10,9],"1":[2],"2":[3],"3":[1]}}
,"/home/andreas/Documents/ai-military-productivity-assistant-openclaw-skill/src/analytics/PerformanceAnalyzer.ts": {"path":"/home/andreas/Documents/ai-military-productivity-assistant-openclaw-skill/src/analytics/PerformanceAnalyzer.ts","statementMap":{"0":{"start":{"line":6,"column":0},"end":{"line":6,"column":58}},"1":{"start":{"line":9,"column":16},"end":{"line":18,"column":11}},"2":{"start":{"line":22,"column":12},"end":{"line":22,"column":42}},"3":{"start":{"line":23,"column":12},"end":{"line":23,"column":38}},"4":{"start":{"line":24,"column":12},"end":{"line":24,"column":36}},"5":{"start":{"line":25,"column":12},"end":{"line":25,"column":38}},"6":{"start":{"line":36,"column":8},"end":{"line":43,"column":6}},"7":{"start":{"line":46,"column":26},"end":{"line":48,"column":10}},"8":{"start":{"line":47,"column":33},"end":{"line":47,"column":73}},"9":{"start":{"line":49,"column":31},"end":{"line":49,"column":71}},"10":{"start":{"line":52,"column":21},"end":{"line":53,"column":null}},"11":{"start":{"line":53,"column":6},"end":{"line":53,"column":63}},"12":{"start":{"line":56,"column":6},"end":{"line":58,"column":72}},"13":{"start":{"line":61,"column":23},"end":{"line":61,"column":60}},"14":{"start":{"line":62,"column":31},"end":{"line":62,"column":91}},"15":{"start":{"line":65,"column":22},"end":{"line":67,"column":10}},"16":{"start":{"line":66,"column":25},"end":{"line":66,"column":61}},"17":{"start":{"line":68,"column":29},"end":{"line":68,"column":65}},"18":{"start":{"line":71,"column":22},"end":{"line":73,"column":43}},"19":{"start":{"line":72,"column":19},"end":{"line":72,"column":52}},"20":{"start":{"line":73,"column":16},"end":{"line":73,"column":42}},"21":{"start":{"line":75,"column":6},"end":{"line":75,"column":88}},"22":{"start":{"line":75,"column":56},"end":{"line":75,"column":61}},"23":{"start":{"line":76,"column":26},"end":{"line":76,"column":77}},"24":{"start":{"line":79,"column":22},"end":{"line":84,"column":8}},"25":{"start":{"line":80,"column":19},"end":{"line":80,"column":38}},"26":{"start":{"line":82,"column":25},"end":{"line":82,"column":67}},"27":{"start":{"line":83,"column":8},"end":{"line":83,"column":28}},"28":{"start":{"line":85,"column":26},"end":{"line":85,"column":29}},"29":{"start":{"line":86,"column":4},"end":{"line":92,"column":5}},"30":{"start":{"line":87,"column":19},"end":{"line":87,"column":74}},"31":{"start":{"line":87,"column":46},"end":{"line":87,"column":51}},"32":{"start":{"line":89,"column":8},"end":{"line":89,"column":83}},"33":{"start":{"line":89,"column":35},"end":{"line":89,"column":60}},"34":{"start":{"line":90,"column":21},"end":{"line":90,"column":40}},"35":{"start":{"line":91,"column":6},"end":{"line":91,"column":67}},"36":{"start":{"line":95,"column":22},"end":{"line":97,"column":10}},"37":{"start":{"line":96,"column":25},"end":{"line":96,"column":61}},"38":{"start":{"line":98,"column":27},"end":{"line":98,"column":78}},"39":{"start":{"line":102,"column":6},"end":{"line":105,"column":null}},"40":{"start":{"line":105,"column":45},"end":{"line":105,"column":54}},"41":{"start":{"line":109,"column":23},"end":{"line":111,"column":12}},"42":{"start":{"line":110,"column":6},"end":{"line":110,"column":50}},"43":{"start":{"line":113,"column":6},"end":{"line":115,"column":80}},"44":{"start":{"line":118,"column":20},"end":{"line":126,"column":null}},"45":{"start":{"line":129,"column":4},"end":{"line":140,"column":6}},"46":{"start":{"line":20,"column":0},"end":{"line":20,"column":13}}},"fnMap":{"0":{"name":"(anonymous_0)","decl":{"start":{"line":21,"column":2},"end":{"line":21,"column":null}},"loc":{"start":{"line":25,"column":38},"end":{"line":26,"column":6}}},"1":{"name":"(anonymous_1)","decl":{"start":{"line":28,"column":2},"end":{"line":28,"column":7}},"loc":{"start":{"line":28,"column":40},"end":{"line":141,"column":3}}},"2":{"name":"(anonymous_2)","decl":{"start":{"line":47,"column":28},"end":{"line":47,"column":29}},"loc":{"start":{"line":47,"column":33},"end":{"line":47,"column":73}}},"3":{"name":"(anonymous_3)","decl":{"start":{"line":52,"column":40},"end":{"line":52,"column":41}},"loc":{"start":{"line":53,"column":6},"end":{"line":53,"column":63}}},"4":{"name":"(anonymous_4)","decl":{"start":{"line":66,"column":20},"end":{"line":66,"column":21}},"loc":{"start":{"line":66,"column":25},"end":{"line":66,"column":61}}},"5":{"name":"(anonymous_5)","decl":{"start":{"line":72,"column":14},"end":{"line":72,"column":15}},"loc":{"start":{"line":72,"column":19},"end":{"line":72,"column":52}}},"6":{"name":"(anonymous_6)","decl":{"start":{"line":73,"column":11},"end":{"line":73,"column":12}},"loc":{"start":{"line":73,"column":16},"end":{"line":73,"column":42}}},"7":{"name":"(anonymous_7)","decl":{"start":{"line":75,"column":46},"end":{"line":75,"column":47}},"loc":{"start":{"line":75,"column":56},"end":{"line":75,"column":61}}},"8":{"name":"(anonymous_8)","decl":{"start":{"line":80,"column":14},"end":{"line":80,"column":15}},"loc":{"start":{"line":80,"column":19},"end":{"line":80,"column":38}}},"9":{"name":"(anonymous_9)","decl":{"start":{"line":81,"column":11},"end":{"line":81,"column":12}},"loc":{"start":{"line":81,"column":15},"end":{"line":84,"column":7}}},"10":{"name":"(anonymous_10)","decl":{"start":{"line":87,"column":36},"end":{"line":87,"column":37}},"loc":{"start":{"line":87,"column":46},"end":{"line":87,"column":51}}},"11":{"name":"(anonymous_11)","decl":{"start":{"line":89,"column":25},"end":{"line":89,"column":26}},"loc":{"start":{"line":89,"column":35},"end":{"line":89,"column":60}}},"12":{"name":"(anonymous_12)","decl":{"start":{"line":96,"column":20},"end":{"line":96,"column":21}},"loc":{"start":{"line":96,"column":25},"end":{"line":96,"column":61}}},"13":{"name":"(anonymous_13)","decl":{"start":{"line":105,"column":40},"end":{"line":105,"column":41}},"loc":{"start":{"line":105,"column":45},"end":{"line":105,"column":54}}},"14":{"name":"(anonymous_14)","decl":{"start":{"line":109,"column":42},"end":{"line":109,"column":43}},"loc":{"start":{"line":110,"column":6},"end":{"line":110,"column":50}}}},"branchMap":{"0":{"loc":{"start":{"line":28,"column":32},"end":{"line":28,"column":40}},"type":"default-arg","locations":[{"start":{"line":28,"column":39},"end":{"line":28,"column":40}}]},"1":{"loc":{"start":{"line":56,"column":6},"end":{"line":58,"column":72}},"type":"cond-expr","locations":[{"start":{"line":57,"column":10},"end":{"line":57,"column":13}},{"start":{"line":58,"column":10},"end":{"line":58,"column":72}}]},"2":{"loc":{"start":{"line":62,"column":31},"end":{"line":62,"column":91}},"type":"cond-expr","locations":[{"start":{"line":62,"column":60},"end":{"line":62,"column":85}},{"start":{"line":62,"column":88},"end":{"line":62,"column":91}}]},"3":{"loc":{"start":{"line":75,"column":6},"end":{"line":75,"column":88}},"type":"cond-expr","locations":[{"start":{"line":75,"column":29},"end":{"line":75,"column":84}},{"start":{"line":75,"column":87},"end":{"line":75,"column":88}}]},"4":{"loc":{"start":{"line":86,"column":4},"end":{"line":92,"column":5}},"type":"if","locations":[{"start":{"line":86,"column":4},"end":{"line":92,"column":5}}]},"5":{"loc":{"start":{"line":102,"column":6},"end":{"line":105,"column":null}},"type":"cond-expr","locations":[{"start":{"line":103,"column":10},"end":{"line":103,"column":13}},{"start":{"line":104,"column":10},"end":{"line":105,"column":null}}]},"6":{"loc":{"start":{"line":113,"column":6},"end":{"line":115,"column":80}},"type":"cond-expr","locations":[{"start":{"line":114,"column":10},"end":{"line":114,"column":13}},{"start":{"line":115,"column":10},"end":{"line":115,"column":80}}]}},"s":{"0":1,"1":1,"2":1,"3":1,"4":1,"5":1,"6":0,"7":0,"8":0,"9":0,"10":0,"11":0,"12":0,"13":0,"14":0,"15":0,"16":0,"17":0,"18":0,"19":0,"20":0,"21":0,"22":0,"23":0,"24":0,"25":0,"26":0,"27":0,"28":0,"29":0,"30":0,"31":0,"32":0,"33":0,"34":0,"35":0,"36":0,"37":0,"38":0,"39":0,"40":0,"41":0,"42":0,"43":0,"44":0,"45":0,"46":1},"f":{"0":1,"1":0,"2":0,"3":0,"4":0,"5":0,"6":0,"7":0,"8":0,"9":0,"10":0,"11":0,"12":0,"13":0,"14":0},"b":{"0":[0],"1":[0,0],"2":[0,0],"3":[0,0],"4":[0],"5":[0,0],"6":[0,0]}}
,"/home/andreas/Documents/ai-military-productivity-assistant-openclaw-skill/src/analytics/TennisAnalyzer.ts": {"path":"/home/andreas/Documents/ai-military-productivity-assistant-openclaw-skill/src/analytics/TennisAnalyzer.ts","statementMap":{"0":{"start":{"line":14,"column":0},"end":{"line":14,"column":16}},"1":{"start":{"line":12,"column":33},"end":{"line":12,"column":34}},"2":{"start":{"line":15,"column":68},"end":{"line":15,"column":70}},"3":{"start":{"line":16,"column":21},"end":{"line":16,"column":22}},"4":{"start":{"line":18,"column":2},"end":{"line":22,"column":3}},"5":{"start":{"line":19,"column":4},"end":{"line":20,"column":68}},"6":{"start":{"line":21,"column":4},"end":{"line":21,"column":41}},"7":{"start":{"line":24,"column":27},"end":{"line":24,"column":38}},"8":{"start":{"line":25,"column":27},"end":{"line":27,"column":null}},"9":{"start":{"line":30,"column":47},"end":{"line":30,"column":51}},"10":{"start":{"line":31,"column":19},"end":{"line":31,"column":20}},"11":{"start":{"line":32,"column":2},"end":{"line":37,"column":3}},"12":{"start":{"line":33,"column":4},"end":{"line":36,"column":5}},"13":{"start":{"line":34,"column":6},"end":{"line":34,"column":32}},"14":{"start":{"line":35,"column":6},"end":{"line":35,"column":47}},"15":{"start":{"line":39,"column":2},"end":{"line":39,"column":91}}},"fnMap":{"0":{"name":"analyzeTennisSessions","decl":{"start":{"line":14,"column":16},"end":{"line":14,"column":37}},"loc":{"start":{"line":14,"column":63},"end":{"line":40,"column":1}}}},"branchMap":{"0":{"loc":{"start":{"line":20,"column":7},"end":{"line":20,"column":43}},"type":"binary-expr","locations":[{"start":{"line":20,"column":7},"end":{"line":20,"column":38}},{"start":{"line":20,"column":42},"end":{"line":20,"column":43}}]},"1":{"loc":{"start":{"line":33,"column":4},"end":{"line":36,"column":5}},"type":"if","locations":[{"start":{"line":33,"column":4},"end":{"line":36,"column":5}}]},"2":{"loc":{"start":{"line":33,"column":9},"end":{"line":33,"column":21}},"type":"binary-expr","locations":[{"start":{"line":33,"column":9},"end":{"line":33,"column":16}},{"start":{"line":33,"column":20},"end":{"line":33,"column":21}}]},"3":{"loc":{"start":{"line":34,"column":19},"end":{"line":34,"column":31}},"type":"binary-expr","locations":[{"start":{"line":34,"column":19},"end":{"line":34,"column":26}},{"start":{"line":34,"column":30},"end":{"line":34,"column":31}}]}},"s":{"0":1,"1":1,"2":6,"3":6,"4":6,"5":16,"6":16,"7":6,"8":6,"9":6,"10":6,"11":6,"12":9,"13":7,"14":7,"15":6},"f":{"0":6},"b":{"0":[16,9],"1":[7],"2":[9,0],"3":[7,0]}}
,"/home/andreas/Documents/ai-military-productivity-assistant-openclaw-skill/src/commands/habitCommands.ts": {"path":"/home/andreas/Documents/ai-military-productivity-assistant-openclaw-skill/src/commands/habitCommands.ts","statementMap":{"0":{"start":{"line":11,"column":0},"end":{"line":11,"column":7}},"1":{"start":{"line":2,"column":0},"end":{"line":2,"column":77}},"2":{"start":{"line":3,"column":0},"end":{"line":3,"column":50}},"3":{"start":{"line":16,"column":14},"end":{"line":16,"column":21}},"4":{"start":{"line":18,"column":2},"end":{"line":90,"column":3}},"5":{"start":{"line":19,"column":4},"end":{"line":87,"column":5}},"6":{"start":{"line":21,"column":23},"end":{"line":21,"column":30}},"7":{"start":{"line":22,"column":8},"end":{"line":29,"column":9}},"8":{"start":{"line":23,"column":23},"end":{"line":23,"column":36}},"9":{"start":{"line":24,"column":23},"end":{"line":24,"column":50}},"10":{"start":{"line":25,"column":23},"end":{"line":25,"column":44}},"11":{"start":{"line":26,"column":10},"end":{"line":26,"column":67}},"12":{"start":{"line":26,"column":21},"end":{"line":26,"column":67}},"13":{"start":{"line":27,"column":22},"end":{"line":27,"column":80}},"14":{"start":{"line":28,"column":10},"end":{"line":28,"column":74}},"15":{"start":{"line":30,"column":8},"end":{"line":37,"column":9}},"16":{"start":{"line":31,"column":23},"end":{"line":31,"column":59}},"17":{"start":{"line":32,"column":10},"end":{"line":32,"column":92}},"18":{"start":{"line":32,"column":33},"end":{"line":32,"column":92}},"19":{"start":{"line":33,"column":10},"end":{"line":36,"column":12}},"20":{"start":{"line":35,"column":26},"end":{"line":35,"column":82}},"21":{"start":{"line":38,"column":8},"end":{"line":38,"column":87}},"22":{"start":{"line":43,"column":21},"end":{"line":43,"column":34}},"23":{"start":{"line":44,"column":21},"end":{"line":44,"column":48}},"24":{"start":{"line":45,"column":59},"end":{"line":45,"column":63}},"25":{"start":{"line":46,"column":8},"end":{"line":48,"column":9}},"26":{"start":{"line":47,"column":10},"end":{"line":47,"column":79}},"27":{"start":{"line":49,"column":43},"end":{"line":54,"column":null}},"28":{"start":{"line":56,"column":22},"end":{"line":60,"column":10}},"29":{"start":{"line":61,"column":8},"end":{"line":69,"column":9}},"30":{"start":{"line":62,"column":10},"end":{"line":62,"column":83}},"31":{"start":{"line":63,"column":10},"end":{"line":63,"column":64}},"32":{"start":{"line":64,"column":10},"end":{"line":68,"column":11}},"33":{"start":{"line":65,"column":12},"end":{"line":67,"column":13}},"34":{"start":{"line":66,"column":14},"end":{"line":66,"column":59}},"35":{"start":{"line":70,"column":8},"end":{"line":70,"column":52}},"36":{"start":{"line":74,"column":24},"end":{"line":74,"column":62}},"37":{"start":{"line":75,"column":8},"end":{"line":75,"column":90}},"38":{"start":{"line":75,"column":34},"end":{"line":75,"column":90}},"39":{"start":{"line":76,"column":25},"end":{"line":81,"column":10}},"40":{"start":{"line":79,"column":36},"end":{"line":79,"column":90}},"41":{"start":{"line":82,"column":8},"end":{"line":82,"column":54}},"42":{"start":{"line":86,"column":8},"end":{"line":86,"column":83}},"43":{"start":{"line":89,"column":4},"end":{"line":89,"column":47}},"44":{"start":{"line":94,"column":14},"end":{"line":94,"column":32}},"45":{"start":{"line":95,"column":2},"end":{"line":95,"column":56}},"46":{"start":{"line":95,"column":44},"end":{"line":95,"column":56}},"47":{"start":{"line":96,"column":20},"end":{"line":96,"column":39}},"48":{"start":{"line":97,"column":2},"end":{"line":97,"column":15}}},"fnMap":{"0":{"name":"handleHabitCommand","decl":{"start":{"line":11,"column":22},"end":{"line":11,"column":40}},"loc":{"start":{"line":14,"column":23},"end":{"line":91,"column":1}}},"1":{"name":"(anonymous_1)","decl":{"start":{"line":35,"column":21},"end":{"line":35,"column":22}},"loc":{"start":{"line":35,"column":26},"end":{"line":35,"column":82}}},"2":{"name":"(anonymous_2)","decl":{"start":{"line":79,"column":31},"end":{"line":79,"column":32}},"loc":{"start":{"line":79,"column":36},"end":{"line":79,"column":90}}},"3":{"name":"extractFlag","decl":{"start":{"line":93,"column":9},"end":{"line":93,"column":20}},"loc":{"start":{"line":93,"column":49},"end":{"line":98,"column":1}}}},"branchMap":{"0":{"loc":{"start":{"line":19,"column":4},"end":{"line":87,"column":5}},"type":"switch","locations":[{"start":{"line":20,"column":6},"end":{"line":39,"column":7}},{"start":{"line":41,"column":6},"end":{"line":71,"column":7}},{"start":{"line":73,"column":6},"end":{"line":83,"column":7}},{"start":{"line":85,"column":6},"end":{"line":86,"column":83}}]},"1":{"loc":{"start":{"line":22,"column":8},"end":{"line":29,"column":9}},"type":"if","locations":[{"start":{"line":22,"column":8},"end":{"line":29,"column":9}}]},"2":{"loc":{"start":{"line":26,"column":10},"end":{"line":26,"column":67}},"type":"if","locations":[{"start":{"line":26,"column":10},"end":{"line":26,"column":67}}]},"3":{"loc":{"start":{"line":27,"column":62},"end":{"line":27,"column":79}},"type":"binary-expr","locations":[{"start":{"line":27,"column":62},"end":{"line":27,"column":66}},{"start":{"line":27,"column":70},"end":{"line":27,"column":79}}]},"4":{"loc":{"start":{"line":30,"column":8},"end":{"line":37,"column":9}},"type":"if","locations":[{"start":{"line":30,"column":8},"end":{"line":37,"column":9}}]},"5":{"loc":{"start":{"line":32,"column":10},"end":{"line":32,"column":92}},"type":"if","locations":[{"start":{"line":32,"column":10},"end":{"line":32,"column":92}}]},"6":{"loc":{"start":{"line":35,"column":38},"end":{"line":35,"column":80}},"type":"cond-expr","locations":[{"start":{"line":35,"column":54},"end":{"line":35,"column":75}},{"start":{"line":35,"column":78},"end":{"line":35,"column":80}}]},"7":{"loc":{"start":{"line":46,"column":8},"end":{"line":48,"column":9}},"type":"if","locations":[{"start":{"line":46,"column":8},"end":{"line":48,"column":9}}]},"8":{"loc":{"start":{"line":46,"column":12},"end":{"line":46,"column":59}},"type":"binary-expr","locations":[{"start":{"line":46,"column":12},"end":{"line":46,"column":25}},{"start":{"line":46,"column":29},"end":{"line":46,"column":43}},{"start":{"line":46,"column":47},"end":{"line":46,"column":59}}]},"9":{"loc":{"start":{"line":54,"column":10},"end":{"line":54,"column":27}},"type":"binary-expr","locations":[{"start":{"line":54,"column":10},"end":{"line":54,"column":14}},{"start":{"line":54,"column":18},"end":{"line":54,"column":27}}]},"10":{"loc":{"start":{"line":61,"column":8},"end":{"line":69,"column":9}},"type":"if","locations":[{"start":{"line":61,"column":8},"end":{"line":69,"column":9}}]},"11":{"loc":{"start":{"line":64,"column":10},"end":{"line":68,"column":11}},"type":"if","locations":[{"start":{"line":64,"column":10},"end":{"line":68,"column":11}}]},"12":{"loc":{"start":{"line":75,"column":8},"end":{"line":75,"column":90}},"type":"if","locations":[{"start":{"line":75,"column":8},"end":{"line":75,"column":90}}]},"13":{"loc":{"start":{"line":95,"column":2},"end":{"line":95,"column":56}},"type":"if","locations":[{"start":{"line":95,"column":2},"end":{"line":95,"column":56}}]},"14":{"loc":{"start":{"line":95,"column":6},"end":{"line":95,"column":42}},"type":"binary-expr","locations":[{"start":{"line":95,"column":6},"end":{"line":95,"column":16}},{"start":{"line":95,"column":20},"end":{"line":95,"column":42}}]}},"s":{"0":2,"1":2,"2":2,"3":9,"4":9,"5":9,"6":5,"7":5,"8":3,"9":3,"10":3,"11":3,"12":1,"13":2,"14":2,"15":2,"16":2,"17":2,"18":1,"19":1,"20":1,"21":0,"22":3,"23":3,"24":3,"25":3,"26":1,"27":2,"28":2,"29":2,"30":1,"31":1,"32":1,"33":0,"34":0,"35":2,"36":1,"37":1,"38":0,"39":1,"40":1,"41":1,"42":0,"43":0,"44":6,"45":6,"46":5,"47":1,"48":1},"f":{"0":9,"1":1,"2":1,"3":6},"b":{"0":[5,3,1,0],"1":[3],"2":[1],"3":[2,1],"4":[2],"5":[1],"6":[0,1],"7":[1],"8":[3,3,2],"9":[2,2],"10":[1],"11":[0],"12":[0],"13":[5],"14":[6,1]}}
,"/home/andreas/Documents/ai-military-productivity-assistant-openclaw-skill/src/commands/missionCommands.ts": {"path":"/home/andreas/Documents/ai-military-productivity-assistant-openclaw-skill/src/commands/missionCommands.ts","statementMap":{"0":{"start":{"line":12,"column":0},"end":{"line":12,"column":7}},"1":{"start":{"line":2,"column":0},"end":{"line":2,"column":78}},"2":{"start":{"line":3,"column":0},"end":{"line":3,"column":50}},"3":{"start":{"line":17,"column":14},"end":{"line":17,"column":21}},"4":{"start":{"line":19,"column":2},"end":{"line":97,"column":3}},"5":{"start":{"line":20,"column":4},"end":{"line":94,"column":5}},"6":{"start":{"line":22,"column":21},"end":{"line":22,"column":34}},"7":{"start":{"line":23,"column":20},"end":{"line":23,"column":46}},"8":{"start":{"line":24,"column":25},"end":{"line":24,"column":56}},"9":{"start":{"line":25,"column":22},"end":{"line":28,"column":17}},"10":{"start":{"line":26,"column":23},"end":{"line":26,"column":42}},"11":{"start":{"line":29,"column":8},"end":{"line":29,"column":96}},"12":{"start":{"line":29,"column":20},"end":{"line":29,"column":96}},"13":{"start":{"line":30,"column":24},"end":{"line":30,"column":73}},"14":{"start":{"line":31,"column":22},"end":{"line":31,"column":49}},"15":{"start":{"line":32,"column":8},"end":{"line":32,"column":90}},"16":{"start":{"line":32,"column":33},"end":{"line":32,"column":90}},"17":{"start":{"line":33,"column":8},"end":{"line":33,"column":69}},"18":{"start":{"line":33,"column":39},"end":{"line":33,"column":69}},"19":{"start":{"line":34,"column":8},"end":{"line":34,"column":57}},"20":{"start":{"line":38,"column":21},"end":{"line":38,"column":34}},"21":{"start":{"line":39,"column":25},"end":{"line":39,"column":56}},"22":{"start":{"line":40,"column":22},"end":{"line":40,"column":50}},"23":{"start":{"line":41,"column":42},"end":{"line":41,"column":89}},"24":{"start":{"line":42,"column":32},"end":{"line":45,"column":10}},"25":{"start":{"line":46,"column":8},"end":{"line":57,"column":9}},"26":{"start":{"line":47,"column":10},"end":{"line":47,"column":83}},"27":{"start":{"line":48,"column":10},"end":{"line":48,"column":73}},"28":{"start":{"line":49,"column":10},"end":{"line":53,"column":11}},"29":{"start":{"line":50,"column":12},"end":{"line":52,"column":13}},"30":{"start":{"line":51,"column":14},"end":{"line":51,"column":100}},"31":{"start":{"line":54,"column":10},"end":{"line":56,"column":11}},"32":{"start":{"line":55,"column":12},"end":{"line":55,"column":63}},"33":{"start":{"line":58,"column":8},"end":{"line":58,"column":56}},"34":{"start":{"line":62,"column":24},"end":{"line":62,"column":51}},"35":{"start":{"line":63,"column":8},"end":{"line":63,"column":79}},"36":{"start":{"line":67,"column":25},"end":{"line":67,"column":32}},"37":{"start":{"line":68,"column":8},"end":{"line":68,"column":98}},"38":{"start":{"line":68,"column":23},"end":{"line":68,"column":98}},"39":{"start":{"line":69,"column":24},"end":{"line":69,"column":62}},"40":{"start":{"line":70,"column":8},"end":{"line":73,"column":11}},"41":{"start":{"line":77,"column":24},"end":{"line":77,"column":62}},"42":{"start":{"line":78,"column":8},"end":{"line":78,"column":93}},"43":{"start":{"line":78,"column":22},"end":{"line":78,"column":93}},"44":{"start":{"line":79,"column":24},"end":{"line":80,"column":null}},"45":{"start":{"line":82,"column":8},"end":{"line":87,"column":11}},"46":{"start":{"line":91,"column":8},"end":{"line":93,"column":10}},"47":{"start":{"line":96,"column":4},"end":{"line":96,"column":47}},"48":{"start":{"line":101,"column":14},"end":{"line":101,"column":32}},"49":{"start":{"line":102,"column":2},"end":{"line":102,"column":56}},"50":{"start":{"line":102,"column":44},"end":{"line":102,"column":56}},"51":{"start":{"line":104,"column":20},"end":{"line":104,"column":39}},"52":{"start":{"line":105,"column":2},"end":{"line":105,"column":15}}},"fnMap":{"0":{"name":"handleMissionCommand","decl":{"start":{"line":12,"column":22},"end":{"line":12,"column":42}},"loc":{"start":{"line":15,"column":25},"end":{"line":98,"column":1}}},"1":{"name":"(anonymous_1)","decl":{"start":{"line":26,"column":18},"end":{"line":26,"column":19}},"loc":{"start":{"line":26,"column":23},"end":{"line":26,"column":42}}},"2":{"name":"extractFlag","decl":{"start":{"line":100,"column":9},"end":{"line":100,"column":20}},"loc":{"start":{"line":100,"column":49},"end":{"line":106,"column":1}}}},"branchMap":{"0":{"loc":{"start":{"line":20,"column":4},"end":{"line":94,"column":5}},"type":"switch","locations":[{"start":{"line":21,"column":6},"end":{"line":35,"column":7}},{"start":{"line":37,"column":6},"end":{"line":59,"column":7}},{"start":{"line":61,"column":6},"end":{"line":64,"column":7}},{"start":{"line":66,"column":6},"end":{"line":74,"column":7}},{"start":{"line":76,"column":6},"end":{"line":88,"column":7}},{"start":{"line":90,"column":6},"end":{"line":93,"column":10}}]},"1":{"loc":{"start":{"line":29,"column":8},"end":{"line":29,"column":96}},"type":"if","locations":[{"start":{"line":29,"column":8},"end":{"line":29,"column":96}}]},"2":{"loc":{"start":{"line":32,"column":8},"end":{"line":32,"column":90}},"type":"if","locations":[{"start":{"line":32,"column":8},"end":{"line":32,"column":90}}]},"3":{"loc":{"start":{"line":33,"column":8},"end":{"line":33,"column":69}},"type":"if","locations":[{"start":{"line":33,"column":8},"end":{"line":33,"column":69}}]},"4":{"loc":{"start":{"line":44,"column":37},"end":{"line":44,"column":73}},"type":"binary-expr","locations":[{"start":{"line":44,"column":37},"end":{"line":44,"column":68}},{"start":{"line":44,"column":72},"end":{"line":44,"column":73}}]},"5":{"loc":{"start":{"line":46,"column":8},"end":{"line":57,"column":9}},"type":"if","locations":[{"start":{"line":46,"column":8},"end":{"line":57,"column":9}}]},"6":{"loc":{"start":{"line":49,"column":10},"end":{"line":53,"column":11}},"type":"if","locations":[{"start":{"line":49,"column":10},"end":{"line":53,"column":11}}]},"7":{"loc":{"start":{"line":51,"column":58},"end":{"line":51,"column":96}},"type":"cond-expr","locations":[{"start":{"line":51,"column":76},"end":{"line":51,"column":91}},{"start":{"line":51,"column":94},"end":{"line":51,"column":96}}]},"8":{"loc":{"start":{"line":54,"column":10},"end":{"line":56,"column":11}},"type":"if","locations":[{"start":{"line":54,"column":10},"end":{"line":56,"column":11}}]},"9":{"loc":{"start":{"line":68,"column":8},"end":{"line":68,"column":98}},"type":"if","locations":[{"start":{"line":68,"column":8},"end":{"line":68,"column":98}}]},"10":{"loc":{"start":{"line":72,"column":36},"end":{"line":72,"column":60}},"type":"binary-expr","locations":[{"start":{"line":72,"column":36},"end":{"line":72,"column":55}},{"start":{"line":72,"column":59},"end":{"line":72,"column":60}}]},"11":{"loc":{"start":{"line":78,"column":8},"end":{"line":78,"column":93}},"type":"if","locations":[{"start":{"line":78,"column":8},"end":{"line":78,"column":93}}]},"12":{"loc":{"start":{"line":85,"column":15},"end":{"line":85,"column":77}},"type":"cond-expr","locations":[{"start":{"line":85,"column":37},"end":{"line":85,"column":71}},{"start":{"line":85,"column":74},"end":{"line":85,"column":77}}]},"13":{"loc":{"start":{"line":102,"column":2},"end":{"line":102,"column":56}},"type":"if","locations":[{"start":{"line":102,"column":2},"end":{"line":102,"column":56}}]},"14":{"loc":{"start":{"line":102,"column":6},"end":{"line":102,"column":42}},"type":"binary-expr","locations":[{"start":{"line":102,"column":6},"end":{"line":102,"column":16}},{"start":{"line":102,"column":20},"end":{"line":102,"column":42}}]}},"s":{"0":2,"1":2,"2":2,"3":15,"4":15,"5":15,"6":5,"7":5,"8":5,"9":5,"10":5,"11":5,"12":1,"13":4,"14":3,"15":3,"16":3,"17":3,"18":1,"19":3,"20":2,"21":2,"22":2,"23":2,"24":2,"25":2,"26":1,"27":1,"28":1,"29":1,"30":1,"31":1,"32":0,"33":2,"34":1,"35":1,"36":2,"37":2,"38":1,"39":1,"40":1,"41":4,"42":4,"43":3,"44":1,"45":1,"46":1,"47":1,"48":14,"49":14,"50":12,"51":2,"52":2},"f":{"0":15,"1":5,"2":14},"b":{"0":[5,2,1,2,4,1],"1":[1],"2":[3],"3":[1],"4":[2,0],"5":[1],"6":[1],"7":[0,1],"8":[0],"9":[1],"10":[1,0],"11":[3],"12":[1,0],"13":[12],"14":[14,2]}}
,"/home/andreas/Documents/ai-military-productivity-assistant-openclaw-skill/src/commands/sleepCommands.ts": {"path":"/home/andreas/Documents/ai-military-productivity-assistant-openclaw-skill/src/commands/sleepCommands.ts","statementMap":{"0":{"start":{"line":13,"column":0},"end":{"line":13,"column":7}},"1":{"start":{"line":2,"column":0},"end":{"line":2,"column":78}},"2":{"start":{"line":3,"column":0},"end":{"line":3,"column":50}},"3":{"start":{"line":4,"column":0},"end":{"line":4,"column":59}},"4":{"start":{"line":6,"column":23},"end":{"line":6,"column":69}},"5":{"start":{"line":18,"column":14},"end":{"line":18,"column":21}},"6":{"start":{"line":20,"column":2},"end":{"line":93,"column":3}},"7":{"start":{"line":21,"column":4},"end":{"line":90,"column":5}},"8":{"start":{"line":23,"column":21},"end":{"line":23,"column":34}},"9":{"start":{"line":24,"column":27},"end":{"line":24,"column":57}},"10":{"start":{"line":25,"column":24},"end":{"line":25,"column":51}},"11":{"start":{"line":26,"column":22},"end":{"line":26,"column":50}},"12":{"start":{"line":27,"column":28},"end":{"line":27,"column":35}},"13":{"start":{"line":28,"column":8},"end":{"line":28,"column":96}},"14":{"start":{"line":28,"column":26},"end":{"line":28,"column":96}},"15":{"start":{"line":30,"column":32},"end":{"line":30,"column":67}},"16":{"start":{"line":31,"column":43},"end":{"line":31,"column":47}},"17":{"start":{"line":32,"column":8},"end":{"line":37,"column":9}},"18":{"start":{"line":33,"column":10},"end":{"line":35,"column":11}},"19":{"start":{"line":34,"column":12},"end":{"line":34,"column":85}},"20":{"start":{"line":36,"column":10},"end":{"line":36,"column":47}},"21":{"start":{"line":39,"column":36},"end":{"line":39,"column":40}},"22":{"start":{"line":40,"column":8},"end":{"line":46,"column":9}},"23":{"start":{"line":41,"column":27},"end":{"line":41,"column":57}},"24":{"start":{"line":42,"column":10},"end":{"line":45,"column":11}},"25":{"start":{"line":43,"column":12},"end":{"line":43,"column":34}},"26":{"start":{"line":44,"column":12},"end":{"line":44,"column":44}},"27":{"start":{"line":48,"column":53},"end":{"line":53,"column":null}},"28":{"start":{"line":56,"column":26},"end":{"line":56,"column":80}},"29":{"start":{"line":57,"column":18},"end":{"line":57,"column":55}},"30":{"start":{"line":58,"column":18},"end":{"line":58,"column":43}},"31":{"start":{"line":60,"column":8},"end":{"line":65,"column":11}},"32":{"start":{"line":69,"column":57},"end":{"line":69,"column":88}},"33":{"start":{"line":70,"column":26},"end":{"line":70,"column":80}},"34":{"start":{"line":71,"column":8},"end":{"line":76,"column":9}},"35":{"start":{"line":72,"column":10},"end":{"line":75,"column":13}},"36":{"start":{"line":77,"column":18},"end":{"line":77,"column":59}},"37":{"start":{"line":78,"column":18},"end":{"line":78,"column":47}},"38":{"start":{"line":79,"column":8},"end":{"line":85,"column":11}},"39":{"start":{"line":89,"column":8},"end":{"line":89,"column":75}},"40":{"start":{"line":92,"column":4},"end":{"line":92,"column":47}},"41":{"start":{"line":97,"column":14},"end":{"line":97,"column":32}},"42":{"start":{"line":98,"column":2},"end":{"line":98,"column":56}},"43":{"start":{"line":98,"column":44},"end":{"line":98,"column":56}},"44":{"start":{"line":99,"column":20},"end":{"line":99,"column":39}},"45":{"start":{"line":100,"column":2},"end":{"line":100,"column":15}}},"fnMap":{"0":{"name":"handleSleepCommand","decl":{"start":{"line":13,"column":22},"end":{"line":13,"column":40}},"loc":{"start":{"line":16,"column":23},"end":{"line":94,"column":1}}},"1":{"name":"extractFlag","decl":{"start":{"line":96,"column":9},"end":{"line":96,"column":20}},"loc":{"start":{"line":96,"column":49},"end":{"line":101,"column":1}}}},"branchMap":{"0":{"loc":{"start":{"line":21,"column":4},"end":{"line":90,"column":5}},"type":"switch","locations":[{"start":{"line":22,"column":6},"end":{"line":66,"column":7}},{"start":{"line":68,"column":6},"end":{"line":86,"column":7}},{"start":{"line":88,"column":6},"end":{"line":89,"column":75}}]},"1":{"loc":{"start":{"line":28,"column":8},"end":{"line":28,"column":96}},"type":"if","locations":[{"start":{"line":28,"column":8},"end":{"line":28,"column":96}}]},"2":{"loc":{"start":{"line":32,"column":8},"end":{"line":37,"column":9}},"type":"if","locations":[{"start":{"line":32,"column":8},"end":{"line":37,"column":9}}]},"3":{"loc":{"start":{"line":33,"column":10},"end":{"line":35,"column":11}},"type":"if","locations":[{"start":{"line":33,"column":10},"end":{"line":35,"column":11}}]},"4":{"loc":{"start":{"line":40,"column":8},"end":{"line":46,"column":9}},"type":"if","locations":[{"start":{"line":40,"column":8},"end":{"line":46,"column":9}}]},"5":{"loc":{"start":{"line":42,"column":10},"end":{"line":45,"column":11}},"type":"if","locations":[{"start":{"line":42,"column":10},"end":{"line":45,"column":11}}]},"6":{"loc":{"start":{"line":42,"column":14},"end":{"line":42,"column":38}},"type":"binary-expr","locations":[{"start":{"line":42,"column":14},"end":{"line":42,"column":24}},{"start":{"line":42,"column":28},"end":{"line":42,"column":38}}]},"7":{"loc":{"start":{"line":53,"column":10},"end":{"line":53,"column":28}},"type":"binary-expr","locations":[{"start":{"line":53,"column":10},"end":{"line":53,"column":15}},{"start":{"line":53,"column":19},"end":{"line":53,"column":28}}]},"8":{"loc":{"start":{"line":62,"column":22},"end":{"line":62,"column":52}},"type":"binary-expr","locations":[{"start":{"line":62,"column":22},"end":{"line":62,"column":39}},{"start":{"line":62,"column":43},"end":{"line":62,"column":52}}]},"9":{"loc":{"start":{"line":71,"column":8},"end":{"line":76,"column":9}},"type":"if","locations":[{"start":{"line":71,"column":8},"end":{"line":76,"column":9}}]},"10":{"loc":{"start":{"line":81,"column":19},"end":{"line":81,"column":49}},"type":"binary-expr","locations":[{"start":{"line":81,"column":19},"end":{"line":81,"column":40}},{"start":{"line":81,"column":44},"end":{"line":81,"column":49}}]},"11":{"loc":{"start":{"line":98,"column":2},"end":{"line":98,"column":56}},"type":"if","locations":[{"start":{"line":98,"column":2},"end":{"line":98,"column":56}}]},"12":{"loc":{"start":{"line":98,"column":6},"end":{"line":98,"column":42}},"type":"binary-expr","locations":[{"start":{"line":98,"column":6},"end":{"line":98,"column":16}},{"start":{"line":98,"column":20},"end":{"line":98,"column":42}}]}},"s":{"0":2,"1":2,"2":2,"3":2,"4":2,"5":9,"6":9,"7":9,"8":6,"9":6,"10":6,"11":6,"12":6,"13":6,"14":1,"15":5,"16":5,"17":5,"18":2,"19":1,"20":1,"21":4,"22":4,"23":1,"24":1,"25":1,"26":1,"27":4,"28":4,"29":4,"30":4,"31":4,"32":3,"33":3,"34":3,"35":2,"36":1,"37":1,"38":1,"39":0,"40":0,"41":18,"42":18,"43":15,"44":3,"45":3},"f":{"0":9,"1":18},"b":{"0":[6,3,0],"1":[1],"2":[2],"3":[1],"4":[1],"5":[1],"6":[1,1],"7":[4,4],"8":[4,0],"9":[2],"10":[1,0],"11":[15],"12":[18,3]}}
,"/home/andreas/Documents/ai-military-productivity-assistant-openclaw-skill/src/commands/statusCommands.ts": {"path":"/home/andreas/Documents/ai-military-productivity-assistant-openclaw-skill/src/commands/statusCommands.ts","statementMap":{"0":{"start":{"line":16,"column":0},"end":{"line":16,"column":7}},"1":{"start":{"line":6,"column":0},"end":{"line":6,"column":76}},"2":{"start":{"line":7,"column":0},"end":{"line":7,"column":50}},"3":{"start":{"line":25,"column":14},"end":{"line":25,"column":35}},"4":{"start":{"line":27,"column":2},"end":{"line":105,"column":3}},"5":{"start":{"line":28,"column":4},"end":{"line":102,"column":5}},"6":{"start":{"line":30,"column":8},"end":{"line":30,"column":56}},"7":{"start":{"line":34,"column":25},"end":{"line":34,"column":64}},"8":{"start":{"line":35,"column":8},"end":{"line":35,"column":119}},"9":{"start":{"line":35,"column":35},"end":{"line":35,"column":119}},"10":{"start":{"line":36,"column":25},"end":{"line":49,"column":10}},"11":{"start":{"line":37,"column":32},"end":{"line":37,"column":70}},"12":{"start":{"line":37,"column":55},"end":{"line":37,"column":69}},"13":{"start":{"line":38,"column":27},"end":{"line":38,"column":73}},"14":{"start":{"line":38,"column":52},"end":{"line":38,"column":65}},"15":{"start":{"line":39,"column":24},"end":{"line":42,"column":12}},"16":{"start":{"line":43,"column":10},"end":{"line":47,"column":11}},"17":{"start":{"line":44,"column":12},"end":{"line":46,"column":14}},"18":{"start":{"line":48,"column":10},"end":{"line":48,"column":64}},"19":{"start":{"line":50,"column":8},"end":{"line":50,"column":52}},"20":{"start":{"line":54,"column":24},"end":{"line":54,"column":69}},"21":{"start":{"line":55,"column":8},"end":{"line":55,"column":111}},"22":{"start":{"line":55,"column":22},"end":{"line":55,"column":111}},"23":{"start":{"line":56,"column":24},"end":{"line":57,"column":null}},"24":{"start":{"line":59,"column":8},"end":{"line":68,"column":11}},"25":{"start":{"line":72,"column":8},"end":{"line":72,"column":99}},"26":{"start":{"line":72,"column":37},"end":{"line":72,"column":99}},"27":{"start":{"line":73,"column":22},"end":{"line":73,"column":75}},"28":{"start":{"line":74,"column":8},"end":{"line":84,"column":11}},"29":{"start":{"line":88,"column":8},"end":{"line":90,"column":9}},"30":{"start":{"line":89,"column":10},"end":{"line":89,"column":64}},"31":{"start":{"line":91,"column":22},"end":{"line":91,"column":75}},"32":{"start":{"line":92,"column":25},"end":{"line":92,"column":55}},"33":{"start":{"line":93,"column":8},"end":{"line":93,"column":60}},"34":{"start":{"line":94,"column":22},"end":{"line":94,"column":75}},"35":{"start":{"line":94,"column":47},"end":{"line":94,"column":74}},"36":{"start":{"line":95,"column":8},"end":{"line":95,"column":77}},"37":{"start":{"line":99,"column":8},"end":{"line":101,"column":10}},"38":{"start":{"line":104,"column":4},"end":{"line":104,"column":47}}},"fnMap":{"0":{"name":"handleStatusCommand","decl":{"start":{"line":16,"column":22},"end":{"line":16,"column":41}},"loc":{"start":{"line":23,"column":33},"end":{"line":106,"column":1}}},"1":{"name":"(anonymous_1)","decl":{"start":{"line":36,"column":38},"end":{"line":36,"column":39}},"loc":{"start":{"line":36,"column":42},"end":{"line":49,"column":9}}},"2":{"name":"(anonymous_2)","decl":{"start":{"line":37,"column":50},"end":{"line":37,"column":51}},"loc":{"start":{"line":37,"column":55},"end":{"line":37,"column":69}}},"3":{"name":"(anonymous_3)","decl":{"start":{"line":38,"column":47},"end":{"line":38,"column":48}},"loc":{"start":{"line":38,"column":52},"end":{"line":38,"column":65}}},"4":{"name":"(anonymous_4)","decl":{"start":{"line":94,"column":35},"end":{"line":94,"column":36}},"loc":{"start":{"line":94,"column":47},"end":{"line":94,"column":74}}}},"branchMap":{"0":{"loc":{"start":{"line":25,"column":14},"end":{"line":25,"column":35}},"type":"binary-expr","locations":[{"start":{"line":25,"column":14},"end":{"line":25,"column":21}},{"start":{"line":25,"column":25},"end":{"line":25,"column":35}}]},"1":{"loc":{"start":{"line":28,"column":4},"end":{"line":102,"column":5}},"type":"switch","locations":[{"start":{"line":29,"column":6},"end":{"line":31,"column":7}},{"start":{"line":33,"column":6},"end":{"line":51,"column":7}},{"start":{"line":53,"column":6},"end":{"line":69,"column":7}},{"start":{"line":71,"column":6},"end":{"line":85,"column":7}},{"start":{"line":87,"column":6},"end":{"line":96,"column":7}},{"start":{"line":98,"column":6},"end":{"line":101,"column":10}}]},"2":{"loc":{"start":{"line":35,"column":8},"end":{"line":35,"column":119}},"type":"if","locations":[{"start":{"line":35,"column":8},"end":{"line":35,"column":119}}]},"3":{"loc":{"start":{"line":43,"column":10},"end":{"line":47,"column":11}},"type":"if","locations":[{"start":{"line":43,"column":10},"end":{"line":47,"column":11}}]},"4":{"loc":{"start":{"line":45,"column":92},"end":{"line":45,"column":142}},"type":"cond-expr","locations":[{"start":{"line":45,"column":122},"end":{"line":45,"column":137}},{"start":{"line":45,"column":140},"end":{"line":45,"column":142}}]},"5":{"loc":{"start":{"line":55,"column":8},"end":{"line":55,"column":111}},"type":"if","locations":[{"start":{"line":55,"column":8},"end":{"line":55,"column":111}}]},"6":{"loc":{"start":{"line":64,"column":22},"end":{"line":64,"column":84}},"type":"cond-expr","locations":[{"start":{"line":64,"column":44},"end":{"line":64,"column":78}},{"start":{"line":64,"column":81},"end":{"line":64,"column":84}}]},"7":{"loc":{"start":{"line":72,"column":8},"end":{"line":72,"column":99}},"type":"if","locations":[{"start":{"line":72,"column":8},"end":{"line":72,"column":99}}]},"8":{"loc":{"start":{"line":76,"column":37},"end":{"line":76,"column":69}},"type":"binary-expr","locations":[{"start":{"line":76,"column":37},"end":{"line":76,"column":62}},{"start":{"line":76,"column":66},"end":{"line":76,"column":69}}]},"9":{"loc":{"start":{"line":77,"column":37},"end":{"line":77,"column":65}},"type":"binary-expr","locations":[{"start":{"line":77,"column":37},"end":{"line":77,"column":58}},{"start":{"line":77,"column":62},"end":{"line":77,"column":65}}]},"10":{"loc":{"start":{"line":78,"column":37},"end":{"line":78,"column":69}},"type":"binary-expr","locations":[{"start":{"line":78,"column":37},"end":{"line":78,"column":62}},{"start":{"line":78,"column":66},"end":{"line":78,"column":69}}]},"11":{"loc":{"start":{"line":79,"column":37},"end":{"line":79,"column":67}},"type":"binary-expr","locations":[{"start":{"line":79,"column":37},"end":{"line":79,"column":60}},{"start":{"line":79,"column":64},"end":{"line":79,"column":67}}]},"12":{"loc":{"start":{"line":80,"column":37},"end":{"line":80,"column":64}},"type":"binary-expr","locations":[{"start":{"line":80,"column":37},"end":{"line":80,"column":57}},{"start":{"line":80,"column":61},"end":{"line":80,"column":64}}]},"13":{"loc":{"start":{"line":81,"column":37},"end":{"line":81,"column":66}},"type":"binary-expr","locations":[{"start":{"line":81,"column":37},"end":{"line":81,"column":59}},{"start":{"line":81,"column":63},"end":{"line":81,"column":66}}]},"14":{"loc":{"start":{"line":82,"column":37},"end":{"line":82,"column":65}},"type":"binary-expr","locations":[{"start":{"line":82,"column":37},"end":{"line":82,"column":58}},{"start":{"line":82,"column":62},"end":{"line":82,"column":65}}]},"15":{"loc":{"start":{"line":83,"column":37},"end":{"line":83,"column":64}},"type":"binary-expr","locations":[{"start":{"line":83,"column":37},"end":{"line":83,"column":57}},{"start":{"line":83,"column":61},"end":{"line":83,"column":64}}]},"16":{"loc":{"start":{"line":88,"column":8},"end":{"line":90,"column":9}},"type":"if","locations":[{"start":{"line":88,"column":8},"end":{"line":90,"column":9}}]},"17":{"loc":{"start":{"line":88,"column":12},"end":{"line":88,"column":54}},"type":"binary-expr","locations":[{"start":{"line":88,"column":12},"end":{"line":88,"column":35}},{"start":{"line":88,"column":39},"end":{"line":88,"column":54}}]}},"s":{"0":2,"1":2,"2":2,"3":10,"4":10,"5":10,"6":2,"7":2,"8":2,"9":1,"10":1,"11":1,"12":1,"13":1,"14":1,"15":1,"16":1,"17":1,"18":1,"19":1,"20":2,"21":2,"22":1,"23":1,"24":1,"25":2,"26":1,"27":1,"28":1,"29":1,"30":0,"31":1,"32":1,"33":1,"34":1,"35":1,"36":1,"37":1,"38":0},"f":{"0":10,"1":1,"2":1,"3":1,"4":1},"b":{"0":[10,1],"1":[2,2,2,2,1,1],"2":[1],"3":[1],"4":[0,1],"5":[1],"6":[1,0],"7":[1],"8":[1,0],"9":[1,0],"10":[1,0],"11":[1,0],"12":[1,0],"13":[1,0],"14":[1,0],"15":[1,0],"16":[0],"17":[1,1]}}
,"/home/andreas/Documents/ai-military-productivity-assistant-openclaw-skill/src/commands/tennisCommands.ts": {"path":"/home/andreas/Documents/ai-military-productivity-assistant-openclaw-skill/src/commands/tennisCommands.ts","statementMap":{"0":{"start":{"line":15,"column":0},"end":{"line":15,"column":7}},"1":{"start":{"line":3,"column":0},"end":{"line":3,"column":77}},"2":{"start":{"line":4,"column":0},"end":{"line":4,"column":50}},"3":{"start":{"line":6,"column":49},"end":{"line":8,"column":2}},"4":{"start":{"line":20,"column":14},"end":{"line":20,"column":21}},"5":{"start":{"line":22,"column":2},"end":{"line":80,"column":3}},"6":{"start":{"line":23,"column":4},"end":{"line":77,"column":5}},"7":{"start":{"line":25,"column":21},"end":{"line":25,"column":34}},"8":{"start":{"line":26,"column":20},"end":{"line":26,"column":46}},"9":{"start":{"line":27,"column":28},"end":{"line":27,"column":56}},"10":{"start":{"line":28,"column":8},"end":{"line":32,"column":9}},"11":{"start":{"line":29,"column":10},"end":{"line":31,"column":12}},"12":{"start":{"line":33,"column":30},"end":{"line":33,"column":82}},"13":{"start":{"line":34,"column":22},"end":{"line":34,"column":74}},"14":{"start":{"line":35,"column":8},"end":{"line":35,"column":43}},"15":{"start":{"line":35,"column":17},"end":{"line":35,"column":43}},"16":{"start":{"line":36,"column":8},"end":{"line":36,"column":62}},"17":{"start":{"line":40,"column":21},"end":{"line":40,"column":34}},"18":{"start":{"line":41,"column":22},"end":{"line":41,"column":50}},"19":{"start":{"line":42,"column":46},"end":{"line":42,"column":50}},"20":{"start":{"line":43,"column":28},"end":{"line":43,"column":63}},"21":{"start":{"line":44,"column":8},"end":{"line":48,"column":9}},"22":{"start":{"line":45,"column":10},"end":{"line":47,"column":12}},"23":{"start":{"line":49,"column":8},"end":{"line":49,"column":104}},"24":{"start":{"line":49,"column":26},"end":{"line":49,"column":104}},"25":{"start":{"line":50,"column":32},"end":{"line":54,"column":null}},"26":{"start":{"line":56,"column":8},"end":{"line":59,"column":11}},"27":{"start":{"line":63,"column":43},"end":{"line":63,"column":81}},"28":{"start":{"line":64,"column":8},"end":{"line":66,"column":9}},"29":{"start":{"line":65,"column":10},"end":{"line":65,"column":77}},"30":{"start":{"line":67,"column":22},"end":{"line":69,"column":null}},"31":{"start":{"line":69,"column":12},"end":{"line":69,"column":96}},"32":{"start":{"line":71,"column":8},"end":{"line":71,"column":64}},"33":{"start":{"line":72,"column":8},"end":{"line":72,"column":83}},"34":{"start":{"line":76,"column":8},"end":{"line":76,"column":83}},"35":{"start":{"line":79,"column":4},"end":{"line":79,"column":47}},"36":{"start":{"line":84,"column":14},"end":{"line":84,"column":32}},"37":{"start":{"line":85,"column":2},"end":{"line":85,"column":56}},"38":{"start":{"line":85,"column":44},"end":{"line":85,"column":56}},"39":{"start":{"line":86,"column":20},"end":{"line":86,"column":39}},"40":{"start":{"line":87,"column":2},"end":{"line":87,"column":15}}},"fnMap":{"0":{"name":"handleTennisCommand","decl":{"start":{"line":15,"column":22},"end":{"line":15,"column":41}},"loc":{"start":{"line":18,"column":24},"end":{"line":81,"column":1}}},"1":{"name":"(anonymous_1)","decl":{"start":{"line":68,"column":10},"end":{"line":68,"column":11}},"loc":{"start":{"line":69,"column":12},"end":{"line":69,"column":96}}},"2":{"name":"extractFlag","decl":{"start":{"line":83,"column":9},"end":{"line":83,"column":20}},"loc":{"start":{"line":83,"column":49},"end":{"line":88,"column":1}}}},"branchMap":{"0":{"loc":{"start":{"line":23,"column":4},"end":{"line":77,"column":5}},"type":"switch","locations":[{"start":{"line":24,"column":6},"end":{"line":37,"column":7}},{"start":{"line":39,"column":6},"end":{"line":60,"column":7}},{"start":{"line":62,"column":6},"end":{"line":73,"column":7}},{"start":{"line":75,"column":6},"end":{"line":76,"column":83}}]},"1":{"loc":{"start":{"line":28,"column":8},"end":{"line":32,"column":9}},"type":"if","locations":[{"start":{"line":28,"column":8},"end":{"line":32,"column":9}}]},"2":{"loc":{"start":{"line":35,"column":8},"end":{"line":35,"column":43}},"type":"if","locations":[{"start":{"line":35,"column":8},"end":{"line":35,"column":43}}]},"3":{"loc":{"start":{"line":44,"column":8},"end":{"line":48,"column":9}},"type":"if","locations":[{"start":{"line":44,"column":8},"end":{"line":48,"column":9}}]},"4":{"loc":{"start":{"line":49,"column":8},"end":{"line":49,"column":104}},"type":"if","locations":[{"start":{"line":49,"column":8},"end":{"line":49,"column":104}}]},"5":{"loc":{"start":{"line":54,"column":10},"end":{"line":54,"column":28}},"type":"binary-expr","locations":[{"start":{"line":54,"column":10},"end":{"line":54,"column":15}},{"start":{"line":54,"column":19},"end":{"line":54,"column":28}}]},"6":{"loc":{"start":{"line":64,"column":8},"end":{"line":66,"column":9}},"type":"if","locations":[{"start":{"line":64,"column":8},"end":{"line":66,"column":9}}]},"7":{"loc":{"start":{"line":85,"column":2},"end":{"line":85,"column":56}},"type":"if","locations":[{"start":{"line":85,"column":2},"end":{"line":85,"column":56}}]},"8":{"loc":{"start":{"line":85,"column":6},"end":{"line":85,"column":42}},"type":"binary-expr","locations":[{"start":{"line":85,"column":6},"end":{"line":85,"column":16}},{"start":{"line":85,"column":20},"end":{"line":85,"column":42}}]}},"s":{"0":2,"1":2,"2":2,"3":2,"4":7,"5":7,"6":7,"7":3,"8":3,"9":3,"10":3,"11":1,"12":2,"13":2,"14":2,"15":1,"16":2,"17":2,"18":2,"19":2,"20":2,"21":2,"22":0,"23":2,"24":1,"25":1,"26":1,"27":2,"28":2,"29":1,"30":1,"31":2,"32":1,"33":1,"34":0,"35":0,"36":5,"37":5,"38":4,"39":1,"40":1},"f":{"0":7,"1":2,"2":5},"b":{"0":[3,2,2,0],"1":[1],"2":[1],"3":[0],"4":[1],"5":[1,1],"6":[1],"7":[4],"8":[5,1]}}
,"/home/andreas/Documents/ai-military-productivity-assistant-openclaw-skill/src/services/BriefingService.ts": {"path":"/home/andreas/Documents/ai-military-productivity-assistant-openclaw-skill/src/services/BriefingService.ts","statementMap":{"0":{"start":{"line":7,"column":0},"end":{"line":7,"column":49}},"1":{"start":{"line":11,"column":12},"end":{"line":11,"column":42}},"2":{"start":{"line":12,"column":12},"end":{"line":12,"column":38}},"3":{"start":{"line":13,"column":12},"end":{"line":13,"column":36}},"4":{"start":{"line":14,"column":12},"end":{"line":14,"column":40}},"5":{"start":{"line":15,"column":12},"end":{"line":15,"column":58}},"6":{"start":{"line":16,"column":12},"end":{"line":16,"column":42}},"7":{"start":{"line":21,"column":6},"end":{"line":27,"column":8}},"8":{"start":{"line":29,"column":59},"end":{"line":29,"column":61}},"9":{"start":{"line":32,"column":33},"end":{"line":32,"column":35}},"10":{"start":{"line":33,"column":4},"end":{"line":39,"column":5}},"11":{"start":{"line":34,"column":16},"end":{"line":34,"column":69}},"12":{"start":{"line":35,"column":16},"end":{"line":35,"column":57}},"13":{"start":{"line":36,"column":6},"end":{"line":36,"column":100}},"14":{"start":{"line":38,"column":6},"end":{"line":38,"column":41}},"15":{"start":{"line":41,"column":4},"end":{"line":41,"column":112}},"16":{"start":{"line":42,"column":22},"end":{"line":44,"column":null}},"17":{"start":{"line":46,"column":4},"end":{"line":46,"column":47}},"18":{"start":{"line":47,"column":4},"end":{"line":47,"column":63}},"19":{"start":{"line":50,"column":35},"end":{"line":50,"column":37}},"20":{"start":{"line":51,"column":4},"end":{"line":59,"column":5}},"21":{"start":{"line":52,"column":22},"end":{"line":54,"column":11}},"22":{"start":{"line":55,"column":6},"end":{"line":55,"column":58}},"23":{"start":{"line":56,"column":6},"end":{"line":56,"column":96}},"24":{"start":{"line":58,"column":6},"end":{"line":58,"column":45}},"25":{"start":{"line":60,"column":4},"end":{"line":60,"column":69}},"26":{"start":{"line":63,"column":4},"end":{"line":73,"column":5}},"27":{"start":{"line":64,"column":24},"end":{"line":71,"column":8}},"28":{"start":{"line":65,"column":30},"end":{"line":65,"column":68}},"29":{"start":{"line":65,"column":53},"end":{"line":65,"column":67}},"30":{"start":{"line":67,"column":10},"end":{"line":69,"column":60}},"31":{"start":{"line":70,"column":8},"end":{"line":70,"column":43}},"32":{"start":{"line":72,"column":6},"end":{"line":72,"column":66}},"33":{"start":{"line":76,"column":4},"end":{"line":82,"column":5}},"34":{"start":{"line":77,"column":26},"end":{"line":77,"column":76}},"35":{"start":{"line":78,"column":6},"end":{"line":80,"column":7}},"36":{"start":{"line":79,"column":8},"end":{"line":79,"column":101}},"37":{"start":{"line":81,"column":6},"end":{"line":81,"column":61}},"38":{"start":{"line":85,"column":21},"end":{"line":85,"column":66}},"39":{"start":{"line":86,"column":4},"end":{"line":92,"column":7}},"40":{"start":{"line":90,"column":31},"end":{"line":90,"column":49}},"41":{"start":{"line":94,"column":4},"end":{"line":94,"column":51}},"42":{"start":{"line":9,"column":0},"end":{"line":9,"column":13}}},"fnMap":{"0":{"name":"(anonymous_0)","decl":{"start":{"line":10,"column":2},"end":{"line":10,"column":null}},"loc":{"start":{"line":16,"column":42},"end":{"line":17,"column":6}}},"1":{"name":"(anonymous_1)","decl":{"start":{"line":19,"column":2},"end":{"line":19,"column":7}},"loc":{"start":{"line":19,"column":39},"end":{"line":95,"column":3}}},"2":{"name":"(anonymous_2)","decl":{"start":{"line":64,"column":41},"end":{"line":64,"column":42}},"loc":{"start":{"line":64,"column":45},"end":{"line":71,"column":7}}},"3":{"name":"(anonymous_3)","decl":{"start":{"line":65,"column":48},"end":{"line":65,"column":49}},"loc":{"start":{"line":65,"column":53},"end":{"line":65,"column":67}}},"4":{"name":"(anonymous_4)","decl":{"start":{"line":90,"column":24},"end":{"line":90,"column":27}},"loc":{"start":{"line":90,"column":31},"end":{"line":90,"column":49}}}},"branchMap":{"0":{"loc":{"start":{"line":33,"column":4},"end":{"line":39,"column":5}},"type":"if","locations":[{"start":{"line":33,"column":4},"end":{"line":39,"column":5}},{"start":{"line":37,"column":11},"end":{"line":39,"column":5}}]},"1":{"loc":{"start":{"line":36,"column":54},"end":{"line":36,"column":96}},"type":"binary-expr","locations":[{"start":{"line":36,"column":54},"end":{"line":36,"column":87}},{"start":{"line":36,"column":91},"end":{"line":36,"column":96}}]},"2":{"loc":{"start":{"line":51,"column":4},"end":{"line":59,"column":5}},"type":"if","locations":[{"start":{"line":51,"column":4},"end":{"line":59,"column":5}},{"start":{"line":57,"column":11},"end":{"line":59,"column":5}}]},"3":{"loc":{"start":{"line":52,"column":22},"end":{"line":54,"column":11}},"type":"cond-expr","locations":[{"start":{"line":53,"column":10},"end":{"line":53,"column":89}},{"start":{"line":54,"column":10},"end":{"line":54,"column":11}}]},"4":{"loc":{"start":{"line":56,"column":57},"end":{"line":56,"column":89}},"type":"binary-expr","locations":[{"start":{"line":56,"column":57},"end":{"line":56,"column":82}},{"start":{"line":56,"column":86},"end":{"line":56,"column":89}}]},"5":{"loc":{"start":{"line":63,"column":4},"end":{"line":73,"column":5}},"type":"if","locations":[{"start":{"line":63,"column":4},"end":{"line":73,"column":5}}]},"6":{"loc":{"start":{"line":67,"column":10},"end":{"line":69,"column":60}},"type":"cond-expr","locations":[{"start":{"line":68,"column":14},"end":{"line":68,"column":86}},{"start":{"line":69,"column":14},"end":{"line":69,"column":60}}]},"7":{"loc":{"start":{"line":76,"column":4},"end":{"line":82,"column":5}},"type":"if","locations":[{"start":{"line":76,"column":4},"end":{"line":82,"column":5}}]}},"s":{"0":2,"1":6,"2":6,"3":6,"4":6,"5":6,"6":6,"7":5,"8":5,"9":5,"10":5,"11":1,"12":1,"13":1,"14":4,"15":5,"16":5,"17":5,"18":5,"19":5,"20":5,"21":1,"22":1,"23":1,"24":4,"25":5,"26":5,"27":0,"28":0,"29":0,"30":0,"31":0,"32":0,"33":5,"34":1,"35":1,"36":1,"37":1,"38":5,"39":5,"40":5,"41":5,"42":2},"f":{"0":6,"1":5,"2":0,"3":0,"4":5},"b":{"0":[1,4],"1":[1,0],"2":[1,4],"3":[1,0],"4":[1,0],"5":[0],"6":[0,0],"7":[1]}}
,"/home/andreas/Documents/ai-military-productivity-assistant-openclaw-skill/src/services/CoachingEngine.ts": {"path":"/home/andreas/Documents/ai-military-productivity-assistant-openclaw-skill/src/services/CoachingEngine.ts","statementMap":{"0":{"start":{"line":5,"column":22},"end":{"line":5,"column":54}},"1":{"start":{"line":9,"column":40},"end":{"line":9,"column":42}},"2":{"start":{"line":11,"column":4},"end":{"line":18,"column":5}},"3":{"start":{"line":12,"column":6},"end":{"line":17,"column":9}},"4":{"start":{"line":20,"column":4},"end":{"line":27,"column":5}},"5":{"start":{"line":21,"column":6},"end":{"line":26,"column":9}},"6":{"start":{"line":29,"column":4},"end":{"line":36,"column":5}},"7":{"start":{"line":30,"column":6},"end":{"line":35,"column":9}},"8":{"start":{"line":38,"column":4},"end":{"line":45,"column":5}},"9":{"start":{"line":39,"column":6},"end":{"line":44,"column":9}},"10":{"start":{"line":47,"column":4},"end":{"line":54,"column":5}},"11":{"start":{"line":48,"column":6},"end":{"line":53,"column":9}},"12":{"start":{"line":56,"column":4},"end":{"line":63,"column":5}},"13":{"start":{"line":57,"column":6},"end":{"line":62,"column":9}},"14":{"start":{"line":66,"column":4},"end":{"line":80,"column":5}},"15":{"start":{"line":66,"column":29},"end":{"line":66,"column":54}},"16":{"start":{"line":67,"column":6},"end":{"line":72,"column":9}},"17":{"start":{"line":73,"column":11},"end":{"line":80,"column":5}},"18":{"start":{"line":74,"column":6},"end":{"line":79,"column":9}},"19":{"start":{"line":82,"column":21},"end":{"line":84,"column":16}},"20":{"start":{"line":83,"column":29},"end":{"line":83,"column":81}},"21":{"start":{"line":86,"column":4},"end":{"line":86,"column":32}},"22":{"start":{"line":90,"column":4},"end":{"line":92,"column":5}},"23":{"start":{"line":91,"column":6},"end":{"line":91,"column":52}},"24":{"start":{"line":4,"column":0},"end":{"line":4,"column":13}}},"fnMap":{"0":{"name":"(anonymous_0)","decl":{"start":{"line":5,"column":2},"end":{"line":5,"column":22}},"loc":{"start":{"line":5,"column":54},"end":{"line":5,"column":58}}},"1":{"name":"(anonymous_1)","decl":{"start":{"line":8,"column":2},"end":{"line":8,"column":10}},"loc":{"start":{"line":8,"column":58},"end":{"line":87,"column":3}}},"2":{"name":"(anonymous_2)","decl":{"start":{"line":66,"column":24},"end":{"line":66,"column":25}},"loc":{"start":{"line":66,"column":29},"end":{"line":66,"column":54}}},"3":{"name":"(anonymous_3)","decl":{"start":{"line":83,"column":24},"end":{"line":83,"column":25}},"loc":{"start":{"line":83,"column":29},"end":{"line":83,"column":81}}},"4":{"name":"(anonymous_4)","decl":{"start":{"line":89,"column":2},"end":{"line":89,"column":7}},"loc":{"start":{"line":89,"column":64},"end":{"line":93,"column":3}}}},"branchMap":{"0":{"loc":{"start":{"line":11,"column":4},"end":{"line":18,"column":5}},"type":"if","locations":[{"start":{"line":11,"column":4},"end":{"line":18,"column":5}}]},"1":{"loc":{"start":{"line":11,"column":8},"end":{"line":11,"column":68}},"type":"binary-expr","locations":[{"start":{"line":11,"column":8},"end":{"line":11,"column":38}},{"start":{"line":11,"column":42},"end":{"line":11,"column":68}}]},"2":{"loc":{"start":{"line":20,"column":4},"end":{"line":27,"column":5}},"type":"if","locations":[{"start":{"line":20,"column":4},"end":{"line":27,"column":5}}]},"3":{"loc":{"start":{"line":20,"column":8},"end":{"line":20,"column":76}},"type":"binary-expr","locations":[{"start":{"line":20,"column":8},"end":{"line":20,"column":42}},{"start":{"line":20,"column":46},"end":{"line":20,"column":76}}]},"4":{"loc":{"start":{"line":29,"column":4},"end":{"line":36,"column":5}},"type":"if","locations":[{"start":{"line":29,"column":4},"end":{"line":36,"column":5}}]},"5":{"loc":{"start":{"line":29,"column":8},"end":{"line":29,"column":76}},"type":"binary-expr","locations":[{"start":{"line":29,"column":8},"end":{"line":29,"column":42}},{"start":{"line":29,"column":46},"end":{"line":29,"column":76}}]},"6":{"loc":{"start":{"line":38,"column":4},"end":{"line":45,"column":5}},"type":"if","locations":[{"start":{"line":38,"column":4},"end":{"line":45,"column":5}}]},"7":{"loc":{"start":{"line":38,"column":8},"end":{"line":38,"column":68}},"type":"binary-expr","locations":[{"start":{"line":38,"column":8},"end":{"line":38,"column":38}},{"start":{"line":38,"column":42},"end":{"line":38,"column":68}}]},"8":{"loc":{"start":{"line":47,"column":4},"end":{"line":54,"column":5}},"type":"if","locations":[{"start":{"line":47,"column":4},"end":{"line":54,"column":5}}]},"9":{"loc":{"start":{"line":47,"column":8},"end":{"line":47,"column":72}},"type":"binary-expr","locations":[{"start":{"line":47,"column":8},"end":{"line":47,"column":40}},{"start":{"line":47,"column":44},"end":{"line":47,"column":72}}]},"10":{"loc":{"start":{"line":56,"column":4},"end":{"line":63,"column":5}},"type":"if","locations":[{"start":{"line":56,"column":4},"end":{"line":63,"column":5}}]},"11":{"loc":{"start":{"line":56,"column":8},"end":{"line":56,"column":70}},"type":"binary-expr","locations":[{"start":{"line":56,"column":8},"end":{"line":56,"column":39}},{"start":{"line":56,"column":43},"end":{"line":56,"column":70}}]},"12":{"loc":{"start":{"line":66,"column":4},"end":{"line":80,"column":5}},"type":"if","locations":[{"start":{"line":66,"column":4},"end":{"line":80,"column":5}},{"start":{"line":73,"column":11},"end":{"line":80,"column":5}}]},"13":{"loc":{"start":{"line":66,"column":8},"end":{"line":66,"column":89}},"type":"binary-expr","locations":[{"start":{"line":66,"column":8},"end":{"line":66,"column":68}},{"start":{"line":66,"column":72},"end":{"line":66,"column":89}}]},"14":{"loc":{"start":{"line":73,"column":11},"end":{"line":80,"column":5}},"type":"if","locations":[{"start":{"line":73,"column":11},"end":{"line":80,"column":5}}]},"15":{"loc":{"start":{"line":82,"column":21},"end":{"line":84,"column":16}},"type":"cond-expr","locations":[{"start":{"line":83,"column":8},"end":{"line":83,"column":82}},{"start":{"line":84,"column":8},"end":{"line":84,"column":16}}]},"16":{"loc":{"start":{"line":83,"column":29},"end":{"line":83,"column":81}},"type":"binary-expr","locations":[{"start":{"line":83,"column":29},"end":{"line":83,"column":48}},{"start":{"line":83,"column":52},"end":{"line":83,"column":81}}]}},"s":{"0":9,"1":8,"2":8,"3":2,"4":8,"5":2,"6":8,"7":2,"8":8,"9":2,"10":8,"11":1,"12":8,"13":1,"14":8,"15":10,"16":3,"17":5,"18":0,"19":8,"20":1,"21":8,"22":1,"23":1,"24":2},"f":{"0":9,"1":8,"2":10,"3":1,"4":1},"b":{"0":[2],"1":[8,8],"2":[2],"3":[8,8],"4":[2],"5":[8,8],"6":[2],"7":[8,8],"8":[1],"9":[8,8],"10":[1],"11":[8,8],"12":[3,5],"13":[8,6],"14":[0],"15":[1,7],"16":[1,0]}}
,"/home/andreas/Documents/ai-military-productivity-assistant-openclaw-skill/src/services/DebriefService.ts": {"path":"/home/andreas/Documents/ai-military-productivity-assistant-openclaw-skill/src/services/DebriefService.ts","statementMap":{"0":{"start":{"line":6,"column":0},"end":{"line":6,"column":49}},"1":{"start":{"line":7,"column":0},"end":{"line":7,"column":50}},"2":{"start":{"line":11,"column":12},"end":{"line":11,"column":42}},"3":{"start":{"line":12,"column":12},"end":{"line":12,"column":38}},"4":{"start":{"line":13,"column":12},"end":{"line":13,"column":36}},"5":{"start":{"line":14,"column":12},"end":{"line":14,"column":58}},"6":{"start":{"line":15,"column":12},"end":{"line":15,"column":42}},"7":{"start":{"line":19,"column":73},"end":{"line":24,"column":6}},"8":{"start":{"line":26,"column":59},"end":{"line":26,"column":61}},"9":{"start":{"line":29,"column":4},"end":{"line":37,"column":5}},"10":{"start":{"line":30,"column":27},"end":{"line":33,"column":8}},"11":{"start":{"line":31,"column":20},"end":{"line":31,"column":94}},"12":{"start":{"line":32,"column":8},"end":{"line":32,"column":64}},"13":{"start":{"line":34,"column":6},"end":{"line":34,"column":70}},"14":{"start":{"line":36,"column":6},"end":{"line":36,"column":90}},"15":{"start":{"line":40,"column":33},"end":{"line":40,"column":35}},"16":{"start":{"line":41,"column":4},"end":{"line":47,"column":5}},"17":{"start":{"line":42,"column":16},"end":{"line":42,"column":69}},"18":{"start":{"line":43,"column":16},"end":{"line":43,"column":57}},"19":{"start":{"line":44,"column":6},"end":{"line":44,"column":100}},"20":{"start":{"line":46,"column":6},"end":{"line":46,"column":67}},"21":{"start":{"line":48,"column":22},"end":{"line":50,"column":null}},"22":{"start":{"line":52,"column":4},"end":{"line":52,"column":85}},"23":{"start":{"line":53,"column":4},"end":{"line":53,"column":57}},"24":{"start":{"line":56,"column":23},"end":{"line":62,"column":6}},"25":{"start":{"line":63,"column":4},"end":{"line":63,"column":68}},"26":{"start":{"line":66,"column":4},"end":{"line":75,"column":5}},"27":{"start":{"line":67,"column":24},"end":{"line":73,"column":8}},"28":{"start":{"line":68,"column":30},"end":{"line":68,"column":70}},"29":{"start":{"line":68,"column":54},"end":{"line":68,"column":69}},"30":{"start":{"line":69,"column":20},"end":{"line":71,"column":73}},"31":{"start":{"line":72,"column":8},"end":{"line":72,"column":43}},"32":{"start":{"line":74,"column":6},"end":{"line":74,"column":66}},"33":{"start":{"line":78,"column":21},"end":{"line":78,"column":66}},"34":{"start":{"line":79,"column":26},"end":{"line":79,"column":79}},"35":{"start":{"line":79,"column":51},"end":{"line":79,"column":78}},"36":{"start":{"line":80,"column":4},"end":{"line":80,"column":69}},"37":{"start":{"line":82,"column":4},"end":{"line":82,"column":52}},"38":{"start":{"line":9,"column":0},"end":{"line":9,"column":13}}},"fnMap":{"0":{"name":"(anonymous_0)","decl":{"start":{"line":10,"column":2},"end":{"line":10,"column":null}},"loc":{"start":{"line":15,"column":42},"end":{"line":16,"column":6}}},"1":{"name":"(anonymous_1)","decl":{"start":{"line":18,"column":2},"end":{"line":18,"column":7}},"loc":{"start":{"line":18,"column":33},"end":{"line":83,"column":3}}},"2":{"name":"(anonymous_2)","decl":{"start":{"line":30,"column":46},"end":{"line":30,"column":47}},"loc":{"start":{"line":30,"column":50},"end":{"line":33,"column":7}}},"3":{"name":"(anonymous_3)","decl":{"start":{"line":67,"column":41},"end":{"line":67,"column":42}},"loc":{"start":{"line":67,"column":45},"end":{"line":73,"column":7}}},"4":{"name":"(anonymous_4)","decl":{"start":{"line":68,"column":48},"end":{"line":68,"column":50}},"loc":{"start":{"line":68,"column":54},"end":{"line":68,"column":69}}},"5":{"name":"(anonymous_5)","decl":{"start":{"line":79,"column":39},"end":{"line":79,"column":40}},"loc":{"start":{"line":79,"column":51},"end":{"line":79,"column":78}}}},"branchMap":{"0":{"loc":{"start":{"line":29,"column":4},"end":{"line":37,"column":5}},"type":"if","locations":[{"start":{"line":29,"column":4},"end":{"line":37,"column":5}},{"start":{"line":35,"column":11},"end":{"line":37,"column":5}}]},"1":{"loc":{"start":{"line":31,"column":20},"end":{"line":31,"column":94}},"type":"cond-expr","locations":[{"start":{"line":31,"column":48},"end":{"line":31,"column":88}},{"start":{"line":31,"column":91},"end":{"line":31,"column":94}}]},"2":{"loc":{"start":{"line":41,"column":4},"end":{"line":47,"column":5}},"type":"if","locations":[{"start":{"line":41,"column":4},"end":{"line":47,"column":5}},{"start":{"line":45,"column":11},"end":{"line":47,"column":5}}]},"3":{"loc":{"start":{"line":44,"column":54},"end":{"line":44,"column":96}},"type":"binary-expr","locations":[{"start":{"line":44,"column":54},"end":{"line":44,"column":87}},{"start":{"line":44,"column":91},"end":{"line":44,"column":96}}]},"4":{"loc":{"start":{"line":58,"column":30},"end":{"line":58,"column":72}},"type":"binary-expr","locations":[{"start":{"line":58,"column":30},"end":{"line":58,"column":65}},{"start":{"line":58,"column":69},"end":{"line":58,"column":72}}]},"5":{"loc":{"start":{"line":59,"column":30},"end":{"line":59,"column":68}},"type":"binary-expr","locations":[{"start":{"line":59,"column":30},"end":{"line":59,"column":61}},{"start":{"line":59,"column":65},"end":{"line":59,"column":68}}]},"6":{"loc":{"start":{"line":60,"column":30},"end":{"line":60,"column":72}},"type":"binary-expr","locations":[{"start":{"line":60,"column":30},"end":{"line":60,"column":65}},{"start":{"line":60,"column":69},"end":{"line":60,"column":72}}]},"7":{"loc":{"start":{"line":61,"column":30},"end":{"line":61,"column":68}},"type":"binary-expr","locations":[{"start":{"line":61,"column":30},"end":{"line":61,"column":61}},{"start":{"line":61,"column":65},"end":{"line":61,"column":68}}]},"8":{"loc":{"start":{"line":66,"column":4},"end":{"line":75,"column":5}},"type":"if","locations":[{"start":{"line":66,"column":4},"end":{"line":75,"column":5}}]},"9":{"loc":{"start":{"line":69,"column":20},"end":{"line":71,"column":73}},"type":"cond-expr","locations":[{"start":{"line":70,"column":12},"end":{"line":70,"column":147}},{"start":{"line":71,"column":12},"end":{"line":71,"column":73}}]},"10":{"loc":{"start":{"line":70,"column":96},"end":{"line":70,"column":145}},"type":"cond-expr","locations":[{"start":{"line":70,"column":126},"end":{"line":70,"column":140}},{"start":{"line":70,"column":143},"end":{"line":70,"column":145}}]}},"s":{"0":2,"1":2,"2":8,"3":8,"4":8,"5":8,"6":8,"7":7,"8":7,"9":7,"10":1,"11":1,"12":1,"13":1,"14":6,"15":7,"16":7,"17":1,"18":1,"19":1,"20":6,"21":7,"22":7,"23":7,"24":7,"25":7,"26":7,"27":1,"28":1,"29":1,"30":1,"31":1,"32":1,"33":7,"34":7,"35":7,"36":7,"37":7,"38":2},"f":{"0":8,"1":7,"2":1,"3":1,"4":1,"5":7},"b":{"0":[1,6],"1":[1,0],"2":[1,6],"3":[1,0],"4":[7,0],"5":[7,0],"6":[7,0],"7":[7,0],"8":[1],"9":[1,0],"10":[0,1]}}
,"/home/andreas/Documents/ai-military-productivity-assistant-openclaw-skill/src/services/DisciplineScoreService.ts": {"path":"/home/andreas/Documents/ai-military-productivity-assistant-openclaw-skill/src/services/DisciplineScoreService.ts","statementMap":{"0":{"start":{"line":7,"column":12},"end":{"line":7,"column":48}},"1":{"start":{"line":8,"column":12},"end":{"line":8,"column":41}},"2":{"start":{"line":12,"column":22},"end":{"line":12,"column":57}},"3":{"start":{"line":14,"column":4},"end":{"line":25,"column":7}},"4":{"start":{"line":29,"column":4},"end":{"line":29,"column":54}},"5":{"start":{"line":33,"column":4},"end":{"line":33,"column":61}},"6":{"start":{"line":37,"column":4},"end":{"line":37,"column":58}},"7":{"start":{"line":5,"column":0},"end":{"line":5,"column":13}}},"fnMap":{"0":{"name":"(anonymous_0)","decl":{"start":{"line":6,"column":2},"end":{"line":6,"column":null}},"loc":{"start":{"line":8,"column":41},"end":{"line":9,"column":6}}},"1":{"name":"(anonymous_1)","decl":{"start":{"line":11,"column":2},"end":{"line":11,"column":7}},"loc":{"start":{"line":11,"column":39},"end":{"line":26,"column":3}}},"2":{"name":"(anonymous_2)","decl":{"start":{"line":28,"column":2},"end":{"line":28,"column":7}},"loc":{"start":{"line":28,"column":32},"end":{"line":30,"column":3}}},"3":{"name":"(anonymous_3)","decl":{"start":{"line":32,"column":2},"end":{"line":32,"column":7}},"loc":{"start":{"line":32,"column":44},"end":{"line":34,"column":3}}},"4":{"name":"(anonymous_4)","decl":{"start":{"line":36,"column":2},"end":{"line":36,"column":7}},"loc":{"start":{"line":36,"column":39},"end":{"line":38,"column":3}}}},"branchMap":{"0":{"loc":{"start":{"line":32,"column":35},"end":{"line":32,"column":44}},"type":"default-arg","locations":[{"start":{"line":32,"column":42},"end":{"line":32,"column":44}}]}},"s":{"0":5,"1":5,"2":1,"3":1,"4":2,"5":0,"6":1,"7":2},"f":{"0":5,"1":1,"2":2,"3":0,"4":1},"b":{"0":[0]}}
,"/home/andreas/Documents/ai-military-productivity-assistant-openclaw-skill/src/services/GoalService.ts": {"path":"/home/andreas/Documents/ai-military-productivity-assistant-openclaw-skill/src/services/GoalService.ts","statementMap":{"0":{"start":{"line":15,"column":12},"end":{"line":15,"column":36}},"1":{"start":{"line":16,"column":12},"end":{"line":16,"column":38}},"2":{"start":{"line":23,"column":21},"end":{"line":23,"column":81}},"3":{"start":{"line":24,"column":4},"end":{"line":24,"column":31}},"4":{"start":{"line":24,"column":19},"end":{"line":24,"column":31}},"5":{"start":{"line":25,"column":17},"end":{"line":25,"column":69}},"6":{"start":{"line":26,"column":4},"end":{"line":26,"column":27}},"7":{"start":{"line":26,"column":15},"end":{"line":26,"column":27}},"8":{"start":{"line":27,"column":4},"end":{"line":27,"column":45}},"9":{"start":{"line":37,"column":17},"end":{"line":37,"column":52}},"10":{"start":{"line":38,"column":4},"end":{"line":38,"column":59}},"11":{"start":{"line":38,"column":15},"end":{"line":38,"column":59}},"12":{"start":{"line":39,"column":4},"end":{"line":39,"column":82}},"13":{"start":{"line":39,"column":34},"end":{"line":39,"column":82}},"14":{"start":{"line":41,"column":24},"end":{"line":46,"column":null}},"15":{"start":{"line":49,"column":26},"end":{"line":49,"column":70}},"16":{"start":{"line":50,"column":23},"end":{"line":50,"column":64}},"17":{"start":{"line":52,"column":44},"end":{"line":52,"column":46}},"18":{"start":{"line":53,"column":4},"end":{"line":58,"column":5}},"19":{"start":{"line":54,"column":6},"end":{"line":57,"column":7}},"20":{"start":{"line":55,"column":25},"end":{"line":55,"column":67}},"21":{"start":{"line":56,"column":8},"end":{"line":56,"column":42}},"22":{"start":{"line":60,"column":24},"end":{"line":60,"column":29}},"23":{"start":{"line":61,"column":4},"end":{"line":64,"column":5}},"24":{"start":{"line":61,"column":37},"end":{"line":61,"column":52}},"25":{"start":{"line":62,"column":6},"end":{"line":62,"column":59}},"26":{"start":{"line":63,"column":6},"end":{"line":63,"column":27}},"27":{"start":{"line":66,"column":25},"end":{"line":66,"column":60}},"28":{"start":{"line":67,"column":4},"end":{"line":67,"column":96}},"29":{"start":{"line":73,"column":18},"end":{"line":73,"column":58}},"30":{"start":{"line":74,"column":4},"end":{"line":81,"column":6}},"31":{"start":{"line":76,"column":30},"end":{"line":76,"column":75}},"32":{"start":{"line":77,"column":27},"end":{"line":77,"column":69}},"33":{"start":{"line":78,"column":25},"end":{"line":78,"column":85}},"34":{"start":{"line":79,"column":8},"end":{"line":79,"column":94}},"35":{"start":{"line":13,"column":0},"end":{"line":13,"column":13}}},"fnMap":{"0":{"name":"(anonymous_0)","decl":{"start":{"line":14,"column":2},"end":{"line":14,"column":null}},"loc":{"start":{"line":16,"column":38},"end":{"line":17,"column":6}}},"1":{"name":"(anonymous_1)","decl":{"start":{"line":19,"column":2},"end":{"line":19,"column":7}},"loc":{"start":{"line":21,"column":24},"end":{"line":28,"column":3}}},"2":{"name":"(anonymous_2)","decl":{"start":{"line":30,"column":2},"end":{"line":30,"column":7}},"loc":{"start":{"line":35,"column":35},"end":{"line":68,"column":3}}},"3":{"name":"(anonymous_3)","decl":{"start":{"line":61,"column":32},"end":{"line":61,"column":33}},"loc":{"start":{"line":61,"column":37},"end":{"line":61,"column":52}}},"4":{"name":"(anonymous_4)","decl":{"start":{"line":70,"column":2},"end":{"line":70,"column":7}},"loc":{"start":{"line":70,"column":36},"end":{"line":82,"column":3}}},"5":{"name":"(anonymous_5)","decl":{"start":{"line":75,"column":16},"end":{"line":75,"column":21}},"loc":{"start":{"line":75,"column":29},"end":{"line":80,"column":7}}}},"branchMap":{"0":{"loc":{"start":{"line":24,"column":4},"end":{"line":24,"column":31}},"type":"if","locations":[{"start":{"line":24,"column":4},"end":{"line":24,"column":31}}]},"1":{"loc":{"start":{"line":26,"column":4},"end":{"line":26,"column":27}},"type":"if","locations":[{"start":{"line":26,"column":4},"end":{"line":26,"column":27}}]},"2":{"loc":{"start":{"line":38,"column":4},"end":{"line":38,"column":59}},"type":"if","locations":[{"start":{"line":38,"column":4},"end":{"line":38,"column":59}}]},"3":{"loc":{"start":{"line":39,"column":4},"end":{"line":39,"column":82}},"type":"if","locations":[{"start":{"line":39,"column":4},"end":{"line":39,"column":82}}]},"4":{"loc":{"start":{"line":54,"column":6},"end":{"line":57,"column":7}},"type":"if","locations":[{"start":{"line":54,"column":6},"end":{"line":57,"column":7}}]},"5":{"loc":{"start":{"line":54,"column":10},"end":{"line":54,"column":59}},"type":"binary-expr","locations":[{"start":{"line":54,"column":10},"end":{"line":54,"column":24}},{"start":{"line":54,"column":28},"end":{"line":54,"column":59}}]},"6":{"loc":{"start":{"line":61,"column":4},"end":{"line":64,"column":5}},"type":"if","locations":[{"start":{"line":61,"column":4},"end":{"line":64,"column":5}}]},"7":{"loc":{"start":{"line":79,"column":64},"end":{"line":79,"column":91}},"type":"binary-expr","locations":[{"start":{"line":79,"column":64},"end":{"line":79,"column":78}},{"start":{"line":79,"column":82},"end":{"line":79,"column":91}}]}},"s":{"0":7,"1":7,"2":0,"3":0,"4":0,"5":0,"6":0,"7":0,"8":0,"9":5,"10":5,"11":1,"12":4,"13":1,"14":3,"15":3,"16":3,"17":3,"18":3,"19":3,"20":2,"21":2,"22":3,"23":3,"24":2,"25":1,"26":1,"27":3,"28":3,"29":1,"30":1,"31":1,"32":1,"33":1,"34":1,"35":2},"f":{"0":7,"1":0,"2":5,"3":2,"4":1,"5":1},"b":{"0":[0],"1":[0],"2":[1],"3":[1],"4":[2],"5":[3,3],"6":[1],"7":[1,0]}}
[...]
e":117,"column":72}},"53":{"start":{"line":117,"column":66},"end":{"line":117,"column":70}},"54":{"start":{"line":118,"column":6},"end":{"line":122,"column":8}},"55":{"start":{"line":124,"column":4},"end":{"line":124,"column":19}},"56":{"start":{"line":128,"column":4},"end":{"line":128,"column":46}},"57":{"start":{"line":132,"column":4},"end":{"line":132,"column":61}},"58":{"start":{"line":15,"column":0},"end":{"line":15,"column":13}}},"fnMap":{"0":{"name":"(anonymous_0)","decl":{"start":{"line":18,"column":2},"end":{"line":18,"column":null}},"loc":{"start":{"line":22,"column":36},"end":{"line":25,"column":3}}},"1":{"name":"(anonymous_1)","decl":{"start":{"line":27,"column":2},"end":{"line":27,"column":7}},"loc":{"start":{"line":31,"column":31},"end":{"line":61,"column":3}}},"2":{"name":"(anonymous_2)","decl":{"start":{"line":63,"column":2},"end":{"line":63,"column":7}},"loc":{"start":{"line":66,"column":24},"end":{"line":99,"column":3}}},"3":{"name":"(anonymous_3)","decl":{"start":{"line":77,"column":58},"end":{"line":77,"column":61}},"loc":{"start":{"line":77,"column":64},"end":{"line":77,"column":68}}},"4":{"name":"(anonymous_4)","decl":{"start":{"line":101,"column":2},"end":{"line":101,"column":7}},"loc":{"start":{"line":101,"column":28},"end":{"line":106,"column":3}}},"5":{"name":"(anonymous_5)","decl":{"start":{"line":104,"column":58},"end":{"line":104,"column":61}},"loc":{"start":{"line":104,"column":64},"end":{"line":104,"column":68}}},"6":{"name":"(anonymous_6)","decl":{"start":{"line":108,"column":2},"end":{"line":108,"column":7}},"loc":{"start":{"line":108,"column":52},"end":{"line":125,"column":3}}},"7":{"name":"(anonymous_7)","decl":{"start":{"line":117,"column":60},"end":{"line":117,"column":63}},"loc":{"start":{"line":117,"column":66},"end":{"line":117,"column":70}}},"8":{"name":"(anonymous_8)","decl":{"start":{"line":127,"column":2},"end":{"line":127,"column":7}},"loc":{"start":{"line":127,"column":39},"end":{"line":129,"column":3}}},"9":{"name":"(anonymous_9)","decl":{"start":{"line":131,"column":2},"end":{"line":131,"column":7}},"loc":{"start":{"line":131,"column":51},"end":{"line":133,"column":3}}}},"branchMap":{"0":{"loc":{"start":{"line":34,"column":4},"end":{"line":38,"column":5}},"type":"if","locations":[{"start":{"line":34,"column":4},"end":{"line":38,"column":5}}]},"1":{"loc":{"start":{"line":41,"column":4},"end":{"line":47,"column":5}},"type":"if","locations":[{"start":{"line":41,"column":4},"end":{"line":47,"column":5}}]},"2":{"loc":{"start":{"line":43,"column":6},"end":{"line":45,"column":7}},"type":"if","locations":[{"start":{"line":43,"column":6},"end":{"line":45,"column":7}}]},"3":{"loc":{"start":{"line":49,"column":23},"end":{"line":49,"column":69}},"type":"cond-expr","locations":[{"start":{"line":49,"column":32},"end":{"line":49,"column":62}},{"start":{"line":49,"column":65},"end":{"line":49,"column":69}}]},"4":{"loc":{"start":{"line":52,"column":4},"end":{"line":58,"column":5}},"type":"if","locations":[{"start":{"line":52,"column":4},"end":{"line":58,"column":5}}]},"5":{"loc":{"start":{"line":69,"column":4},"end":{"line":69,"column":68}},"type":"if","locations":[{"start":{"line":69,"column":4},"end":{"line":69,"column":68}}]},"6":{"loc":{"start":{"line":71,"column":22},"end":{"line":71,"column":84}},"type":"cond-expr","locations":[{"start":{"line":71,"column":43},"end":{"line":71,"column":71}},{"start":{"line":71,"column":74},"end":{"line":71,"column":84}}]},"7":{"loc":{"start":{"line":73,"column":27},"end":{"line":75,"column":22}},"type":"cond-expr","locations":[{"start":{"line":74,"column":8},"end":{"line":74,"column":49}},{"start":{"line":75,"column":8},"end":{"line":75,"column":22}}]},"8":{"loc":{"start":{"line":81,"column":13},"end":{"line":81,"column":31}},"type":"binary-expr","locations":[{"start":{"line":81,"column":13},"end":{"line":81,"column":18}},{"start":{"line":81,"column":22},"end":{"line":81,"column":31}}]},"9":{"loc":{"start":{"line":85,"column":4},"end":{"line":96,"column":5}},"type":"if","locations":[{"start":{"line":85,"column":4},"end":{"line":96,"column":5}}]},"10":{"loc":{"start":{"line":87,"column":6},"end":{"line":95,"column":7}},"type":"if","locations":[{"start":{"line":87,"column":6},"end":{"line":95,"column":7}}]},"11":{"loc":{"start":{"line":103,"column":4},"end":{"line":103,"column":65}},"type":"if","locations":[{"start":{"line":103,"column":4},"end":{"line":103,"column":65}}]},"12":{"loc":{"start":{"line":110,"column":4},"end":{"line":110,"column":66}},"type":"if","locations":[{"start":{"line":110,"column":4},"end":{"line":110,"column":66}}]},"13":{"loc":{"start":{"line":113,"column":22},"end":{"line":113,"column":84}},"type":"cond-expr","locations":[{"start":{"line":113,"column":43},"end":{"line":113,"column":71}},{"start":{"line":113,"column":74},"end":{"line":113,"column":84}}]},"14":{"loc":{"start":{"line":114,"column":20},"end":{"line":114,"column":44}},"type":"binary-expr","locations":[{"start":{"line":114,"column":20},"end":{"line":114,"column":39}},{"start":{"line":114,"column":43},"end":{"line":114,"column":44}}]},"15":{"loc":{"start":{"line":116,"column":4},"end":{"line":123,"column":5}},"type":"if","locations":[{"start":{"line":116,"column":4},"end":{"line":123,"column":5}}]},"16":{"loc":{"start":{"line":131,"column":43},"end":{"line":131,"column":51}},"type":"default-arg","locations":[{"start":{"line":131,"column":50},"end":{"line":131,"column":51}}]}},"s":{"0":2,"1":2,"2":2,"3":11,"4":11,"5":11,"6":11,"7":11,"8":4,"9":4,"10":1,"11":3,"12":3,"13":2,"14":2,"15":1,"16":1,"17":2,"18":2,"19":2,"20":2,"21":2,"22":3,"23":3,"24":1,"25":2,"26":2,"27":2,"28":2,"29":0,"30":2,"31":2,"32":2,"33":1,"34":1,"35":1,"36":2,"37":2,"38":2,"39":1,"40":1,"41":0,"42":1,"43":1,"44":1,"45":0,"46":1,"47":1,"48":1,"49":1,"50":1,"51":1,"52":1,"53":0,"54":1,"55":1,"56":2,"57":0,"58":2},"f":{"0":11,"1":4,"2":3,"3":0,"4":2,"5":0,"6":1,"7":0,"8":2,"9":0},"b":{"0":[1],"1":[2],"2":[1],"3":[2,0],"4":[2],"5":[1],"6":[2,0],"7":[2,0],"8":[2,2],"9":[1],"10":[1],"11":[1],"12":[0],"13":[1,0],"14":[1,0],"15":[1],"16":[0]}}
,"/home/andreas/Documents/ai-military-productivity-assistant-openclaw-skill/src/services/SleepService.ts": {"path":"/home/andreas/Documents/ai-military-productivity-assistant-openclaw-skill/src/services/SleepService.ts","statementMap":{"0":{"start":{"line":11,"column":22},"end":{"line":11,"column":48}},"1":{"start":{"line":20,"column":16},"end":{"line":20,"column":94}},"2":{"start":{"line":21,"column":24},"end":{"line":21,"column":70}},"3":{"start":{"line":22,"column":27},"end":{"line":22,"column":81}},"4":{"start":{"line":23,"column":4},"end":{"line":23,"column":48}},"5":{"start":{"line":32,"column":20},"end":{"line":32,"column":59}},"6":{"start":{"line":33,"column":24},"end":{"line":33,"column":70}},"7":{"start":{"line":34,"column":27},"end":{"line":34,"column":81}},"8":{"start":{"line":35,"column":23},"end":{"line":35,"column":64}},"9":{"start":{"line":36,"column":4},"end":{"line":36,"column":64}},"10":{"start":{"line":41,"column":4},"end":{"line":41,"column":62}},"11":{"start":{"line":41,"column":48},"end":{"line":41,"column":62}},"12":{"start":{"line":42,"column":4},"end":{"line":42,"column":63}},"13":{"start":{"line":42,"column":46},"end":{"line":42,"column":63}},"14":{"start":{"line":43,"column":4},"end":{"line":43,"column":64}},"15":{"start":{"line":43,"column":46},"end":{"line":43,"column":64}},"16":{"start":{"line":44,"column":4},"end":{"line":44,"column":46}},"17":{"start":{"line":44,"column":28},"end":{"line":44,"column":46}},"18":{"start":{"line":45,"column":4},"end":{"line":45,"column":22}},"19":{"start":{"line":10,"column":0},"end":{"line":10,"column":13}}},"fnMap":{"0":{"name":"(anonymous_0)","decl":{"start":{"line":11,"column":2},"end":{"line":11,"column":22}},"loc":{"start":{"line":11,"column":48},"end":{"line":11,"column":52}}},"1":{"name":"(anonymous_1)","decl":{"start":{"line":13,"column":2},"end":{"line":13,"column":7}},"loc":{"start":{"line":18,"column":18},"end":{"line":24,"column":3}}},"2":{"name":"(anonymous_2)","decl":{"start":{"line":26,"column":2},"end":{"line":26,"column":7}},"loc":{"start":{"line":26,"column":32},"end":{"line":37,"column":3}}},"3":{"name":"(anonymous_3)","decl":{"start":{"line":40,"column":2},"end":{"line":40,"column":19}},"loc":{"start":{"line":40,"column":59},"end":{"line":46,"column":3}}}},"branchMap":{"0":{"loc":{"start":{"line":41,"column":4},"end":{"line":41,"column":62}},"type":"if","locations":[{"start":{"line":41,"column":4},"end":{"line":41,"column":62}}]},"1":{"loc":{"start":{"line":41,"column":8},"end":{"line":41,"column":46}},"type":"binary-expr","locations":[{"start":{"line":41,"column":8},"end":{"line":41,"column":25}},{"start":{"line":41,"column":29},"end":{"line":41,"column":46}}]},"2":{"loc":{"start":{"line":42,"column":4},"end":{"line":42,"column":63}},"type":"if","locations":[{"start":{"line":42,"column":4},"end":{"line":42,"column":63}}]},"3":{"loc":{"start":{"line":42,"column":8},"end":{"line":42,"column":44}},"type":"binary-expr","locations":[{"start":{"line":42,"column":8},"end":{"line":42,"column":25}},{"start":{"line":42,"column":29},"end":{"line":42,"column":44}}]},"4":{"loc":{"start":{"line":43,"column":4},"end":{"line":43,"column":64}},"type":"if","locations":[{"start":{"line":43,"column":4},"end":{"line":43,"column":64}}]},"5":{"loc":{"start":{"line":43,"column":8},"end":{"line":43,"column":44}},"type":"binary-expr","locations":[{"start":{"line":43,"column":8},"end":{"line":43,"column":25}},{"start":{"line":43,"column":29},"end":{"line":43,"column":44}}]},"6":{"loc":{"start":{"line":44,"column":4},"end":{"line":44,"column":46}},"type":"if","locations":[{"start":{"line":44,"column":4},"end":{"line":44,"column":46}}]}},"s":{"0":9,"1":1,"2":1,"3":1,"4":1,"5":3,"6":3,"7":3,"8":3,"9":3,"10":6,"11":1,"12":5,"13":1,"14":4,"15":1,"16":3,"17":1,"18":2,"19":2},"f":{"0":9,"1":1,"2":3,"3":6},"b":{"0":[1],"1":[6,1],"2":[1],"3":[5,1],"4":[1],"5":[4,1],"6":[1]}}
,"/home/andreas/Documents/ai-military-productivity-assistant-openclaw-skill/src/services/TennisService.ts": {"path":"/home/andreas/Documents/ai-military-productivity-assistant-openclaw-skill/src/services/TennisService.ts","statementMap":{"0":{"start":{"line":4,"column":0},"end":{"line":4,"column":59}},"1":{"start":{"line":6,"column":24},"end":{"line":6,"column":32}},"2":{"start":{"line":15,"column":12},"end":{"line":15,"column":40}},"3":{"start":{"line":16,"column":12},"end":{"line":16,"column":42}},"4":{"start":{"line":24,"column":18},"end":{"line":24,"column":42}},"5":{"start":{"line":25,"column":20},"end":{"line":25,"column":91}},"6":{"start":{"line":26,"column":4},"end":{"line":26,"column":37}},"7":{"start":{"line":35,"column":28},"end":{"line":35,"column":63}},"8":{"start":{"line":37,"column":35},"end":{"line":37,"column":39}},"9":{"start":{"line":38,"column":26},"end":{"line":38,"column":76}},"10":{"start":{"line":39,"column":4},"end":{"line":42,"column":5}},"11":{"start":{"line":40,"column":21},"end":{"line":40,"column":91}},"12":{"start":{"line":41,"column":6},"end":{"line":41,"column":36}},"13":{"start":{"line":44,"column":24},"end":{"line":49,"column":null}},"14":{"start":{"line":52,"column":4},"end":{"line":52,"column":38}},"15":{"start":{"line":56,"column":17},"end":{"line":56,"column":63}},"16":{"start":{"line":57,"column":25},"end":{"line":57,"column":76}},"17":{"start":{"line":58,"column":4},"end":{"line":58,"column":44}},"18":{"start":{"line":62,"column":4},"end":{"line":62,"column":54}},"19":{"start":{"line":13,"column":0},"end":{"line":13,"column":13}}},"fnMap":{"0":{"name":"(anonymous_0)","decl":{"start":{"line":14,"column":2},"end":{"line":14,"column":null}},"loc":{"start":{"line":16,"column":42},"end":{"line":17,"column":6}}},"1":{"name":"(anonymous_1)","decl":{"start":{"line":19,"column":2},"end":{"line":19,"column":7}},"loc":{"start":{"line":22,"column":25},"end":{"line":27,"column":3}}},"2":{"name":"(anonymous_2)","decl":{"start":{"line":29,"column":2},"end":{"line":29,"column":7}},"loc":{"start":{"line":33,"column":18},"end":{"line":53,"column":3}}},"3":{"name":"(anonymous_3)","decl":{"start":{"line":55,"column":2},"end":{"line":55,"column":7}},"loc":{"start":{"line":55,"column":39},"end":{"line":59,"column":3}}},"4":{"name":"(anonymous_4)","decl":{"start":{"line":61,"column":2},"end":{"line":61,"column":7}},"loc":{"start":{"line":61,"column":37},"end":{"line":63,"column":3}}}},"branchMap":{"0":{"loc":{"start":{"line":39,"column":4},"end":{"line":42,"column":5}},"type":"if","locations":[{"start":{"line":39,"column":4},"end":{"line":42,"column":5}}]},"1":{"loc":{"start":{"line":39,"column":8},"end":{"line":39,"column":56}},"type":"binary-expr","locations":[{"start":{"line":39,"column":8},"end":{"line":39,"column":21}},{"start":{"line":39,"column":25},"end":{"line":39,"column":56}}]},"2":{"loc":{"start":{"line":40,"column":77},"end":{"line":40,"column":90}},"type":"binary-expr","locations":[{"start":{"line":40,"column":77},"end":{"line":40,"column":82}},{"start":{"line":40,"column":86},"end":{"line":40,"column":90}}]}},"s":{"0":2,"1":2,"2":5,"3":5,"4":1,"5":1,"6":1,"7":2,"8":2,"9":2,"10":2,"11":1,"12":1,"13":2,"14":2,"15":1,"16":1,"17":1,"18":0,"19":2},"f":{"0":5,"1":1,"2":2,"3":1,"4":0},"b":{"0":[1],"1":[2,1],"2":[1,1]}}
,"/home/andreas/Documents/ai-military-productivity-assistant-openclaw-skill/src/types/index.ts": {"path":"/home/andreas/Documents/ai-military-productivity-assistant-openclaw-skill/src/types/index.ts","statementMap":{"0":{"start":{"line":180,"column":13},"end":{"line":180,"column":70}}},"fnMap":{},"branchMap":{},"s":{"0":1},"f":{},"b":{}}
,"/home/andreas/Documents/ai-military-productivity-assistant-openclaw-skill/src/utils/duration.ts": {"path":"/home/andreas/Documents/ai-military-productivity-assistant-openclaw-skill/src/utils/duration.ts","statementMap":{"0":{"start":{"line":4,"column":0},"end":{"line":4,"column":16}},"1":{"start":{"line":22,"column":0},"end":{"line":22,"column":16}},"2":{"start":{"line":5,"column":21},"end":{"line":5,"column":47}},"3":{"start":{"line":6,"column":21},"end":{"line":6,"column":57}},"4":{"start":{"line":7,"column":20},"end":{"line":7,"column":46}},"5":{"start":{"line":9,"column":16},"end":{"line":9,"column":58}},"6":{"start":{"line":10,"column":15},"end":{"line":10,"column":57}},"7":{"start":{"line":12,"column":2},"end":{"line":14,"column":3}},"8":{"start":{"line":13,"column":4},"end":{"line":13,"column":99}},"9":{"start":{"line":16,"column":2},"end":{"line":16,"column":39}},"10":{"start":{"line":23,"column":2},"end":{"line":23,"column":41}},"11":{"start":{"line":23,"column":20},"end":{"line":23,"column":41}},"12":{"start":{"line":24,"column":12},"end":{"line":24,"column":36}},"13":{"start":{"line":25,"column":12},"end":{"line":25,"column":24}},"14":{"start":{"line":26,"column":2},"end":{"line":26,"column":41}}},"fnMap":{"0":{"name":"parseDurationToMinutes","decl":{"start":{"line":4,"column":16},"end":{"line":4,"column":38}},"loc":{"start":{"line":4,"column":52},"end":{"line":17,"column":1}}},"1":{"name":"formatMinutes","decl":{"start":{"line":22,"column":16},"end":{"line":22,"column":29}},"loc":{"start":{"line":22,"column":45},"end":{"line":27,"column":1}}}},"branchMap":{"0":{"loc":{"start":{"line":9,"column":16},"end":{"line":9,"column":58}},"type":"cond-expr","locations":[{"start":{"line":9,"column":29},"end":{"line":9,"column":54}},{"start":{"line":9,"column":57},"end":{"line":9,"column":58}}]},"1":{"loc":{"start":{"line":10,"column":15},"end":{"line":10,"column":57}},"type":"cond-expr","locations":[{"start":{"line":10,"column":27},"end":{"line":10,"column":53}},{"start":{"line":10,"column":56},"end":{"line":10,"column":57}}]},"2":{"loc":{"start":{"line":12,"column":2},"end":{"line":14,"column":3}},"type":"if","locations":[{"start":{"line":12,"column":2},"end":{"line":14,"column":3}}]},"3":{"loc":{"start":{"line":12,"column":6},"end":{"line":12,"column":31}},"type":"binary-expr","locations":[{"start":{"line":12,"column":6},"end":{"line":12,"column":17}},{"start":{"line":12,"column":21},"end":{"line":12,"column":31}}]},"4":{"loc":{"start":{"line":23,"column":2},"end":{"line":23,"column":41}},"type":"if","locations":[{"start":{"line":23,"column":2},"end":{"line":23,"column":41}}]},"5":{"loc":{"start":{"line":26,"column":9},"end":{"line":26,"column":40}},"type":"cond-expr","locations":[{"start":{"line":26,"column":17},"end":{"line":26,"column":30}},{"start":{"line":26,"column":33},"end":{"line":26,"column":40}}]}},"s":{"0":11,"1":11,"2":25,"3":25,"4":25,"5":25,"6":25,"7":25,"8":5,"9":20,"10":33,"11":13,"12":20,"13":20,"14":20},"f":{"0":25,"1":33},"b":{"0":[10,15],"1":[15,10],"2":[5],"3":[25,15],"4":[13],"5":[8,12]}}
,"/home/andreas/Documents/ai-military-productivity-assistant-openclaw-skill/src/utils/formatter.ts": {"path":"/home/andreas/Documents/ai-military-productivity-assistant-openclaw-skill/src/utils/formatter.ts","statementMap":{"0":{"start":{"line":6,"column":0},"end":{"line":6,"column":16}},"1":{"start":{"line":10,"column":0},"end":{"line":10,"column":16}},"2":{"start":{"line":14,"column":0},"end":{"line":14,"column":16}},"3":{"start":{"line":21,"column":0},"end":{"line":21,"column":16}},"4":{"start":{"line":31,"column":0},"end":{"line":31,"column":16}},"5":{"start":{"line":7,"column":2},"end":{"line":7,"column":68}},"6":{"start":{"line":11,"column":2},"end":{"line":11,"column":49}},"7":{"start":{"line":15,"column":16},"end":{"line":17,"column":67}},"8":{"start":{"line":16,"column":23},"end":{"line":16,"column":52}},"9":{"start":{"line":17,"column":21},"end":{"line":17,"column":66}},"10":{"start":{"line":18,"column":2},"end":{"line":18,"column":68}},"11":{"start":{"line":22,"column":16},"end":{"line":22,"column":68}},"12":{"start":{"line":23,"column":2},"end":{"line":27,"column":3}},"13":{"start":{"line":24,"column":4},"end":{"line":24,"column":19}},"14":{"start":{"line":25,"column":4},"end":{"line":25,"column":42}},"15":{"start":{"line":26,"column":4},"end":{"line":26,"column":25}},"16":{"start":{"line":28,"column":2},"end":{"line":28,"column":26}},"17":{"start":{"line":32,"column":14},"end":{"line":32,"column":65}},"18":{"start":{"line":33,"column":17},"end":{"line":33,"column":37}},"19":{"start":{"line":34,"column":14},"end":{"line":34,"column":68}},"20":{"start":{"line":35,"column":2},"end":{"line":35,"column":61}}},"fnMap":{"0":{"name":"formatSuccess","decl":{"start":{"line":6,"column":16},"end":{"line":6,"column":29}},"loc":{"start":{"line":6,"column":60},"end":{"line":8,"column":1}}},"1":{"name":"formatError","decl":{"start":{"line":10,"column":16},"end":{"line":10,"column":27}},"loc":{"start":{"line":10,"column":43},"end":{"line":12,"column":1}}},"2":{"name":"formatStatus","decl":{"start":{"line":14,"column":16},"end":{"line":14,"column":28}},"loc":{"start":{"line":14,"column":102},"end":{"line":19,"column":1}}},"3":{"name":"(anonymous_3)","decl":{"start":{"line":16,"column":12},"end":{"line":16,"column":13}},"loc":{"start":{"line":16,"column":23},"end":{"line":16,"column":52}}},"4":{"name":"(anonymous_4)","decl":{"start":{"line":17,"column":9},"end":{"line":17,"column":10}},"loc":{"start":{"line":17,"column":21},"end":{"line":17,"column":66}}},"5":{"name":"formatBlock","decl":{"start":{"line":21,"column":16},"end":{"line":21,"column":27}},"loc":{"start":{"line":21,"column":89},"end":{"line":29,"column":1}}},"6":{"name":"formatProgress","decl":{"start":{"line":31,"column":16},"end":{"line":31,"column":30}},"loc":{"start":{"line":31,"column":76},"end":{"line":36,"column":1}}}},"branchMap":{"0":{"loc":{"start":{"line":16,"column":23},"end":{"line":16,"column":52}},"type":"binary-expr","locations":[{"start":{"line":16,"column":23},"end":{"line":16,"column":33}},{"start":{"line":16,"column":37},"end":{"line":16,"column":52}}]}},"s":{"0":9,"1":9,"2":9,"3":9,"4":9,"5":23,"6":15,"7":10,"8":30,"9":28,"10":10,"11":20,"12":20,"13":54,"14":54,"15":54,"16":20,"17":4,"18":4,"19":4,"20":4},"f":{"0":23,"1":15,"2":10,"3":30,"4":28,"5":20,"6":4},"b":{"0":[30,29]}}
}
