TN:
SF:src/analytics/EstimationAnalyzer.ts
FN:8,analyzeEstimations
FN:10,(anonymous_1)
FN:17,(anonymous_2)
FN:18,(anonymous_3)
FN:21,(anonymous_4)
FN:26,(anonymous_5)
FNF:6
FNH:6
FNDA:7,analyzeEstimations
FNDA:10,(anonymous_1)
FNDA:8,(anonymous_2)
FNDA:8,(anonymous_3)
FNDA:8,(anonymous_4)
FNDA:8,(anonymous_5)
DA:8,2
DA:9,7
DA:10,10
DA:13,7
DA:14,2
DA:17,8
DA:18,8
DA:21,5
DA:22,8
DA:23,8
DA:25,5
DA:26,8
DA:29,5
DA:30,5
DA:31,5
DA:33,5
LF:16
LH:16
BRDA:10,0,0,10
BRDA:10,0,1,9
BRDA:13,1,0,2
BRDA:30,2,0,3
BRDA:31,3,0,1
BRF:5
BRH:5
end_of_record
TN:
SF:src/analytics/PerformanceAnalyzer.ts
FN:21,(anonymous_0)
FN:28,(anonymous_1)
FN:47,(anonymous_2)
FN:52,(anonymous_3)
FN:66,(anonymous_4)
FN:72,(anonymous_5)
FN:73,(anonymous_6)
FN:75,(anonymous_7)
FN:80,(anonymous_8)
FN:81,(anonymous_9)
FN:87,(anonymous_10)
FN:89,(anonymous_11)
FN:96,(anonymous_12)
FN:105,(anonymous_13)
FN:109,(anonymous_14)
FNF:15
FNH:1
FNDA:1,(anonymous_0)
FNDA:0,(anonymous_1)
FNDA:0,(anonymous_2)
FNDA:0,(anonymous_3)
FNDA:0,(anonymous_4)
FNDA:0,(anonymous_5)
FNDA:0,(anonymous_6)
FNDA:0,(anonymous_7)
FNDA:0,(anonymous_8)
FNDA:0,(anonymous_9)
FNDA:0,(anonymous_10)
FNDA:0,(anonymous_11)
FNDA:0,(anonymous_12)
FNDA:0,(anonymous_13)
FNDA:0,(anonymous_14)
DA:6,1
DA:9,1
DA:20,1
DA:22,1
DA:23,1
DA:24,1
DA:25,1
DA:36,0
DA:46,0
DA:47,0
DA:49,0
DA:52,0
DA:53,0
DA:56,0
DA:61,0
DA:62,0
DA:65,0
DA:66,0
DA:68,0
DA:71,0
DA:72,0
DA:73,0
DA:75,0
DA:76,0
DA:79,0
DA:80,0
DA:82,0
DA:83,0
DA:85,0
DA:86,0
DA:87,0
DA:89,0
DA:90,0
DA:91,0
DA:95,0
DA:96,0
DA:98,0
DA:102,0
DA:105,0
DA:109,0
DA:110,0
DA:113,0
DA:118,0
DA:129,0
LF:44
LH:7
BRDA:28,0,0,0
BRDA:56,1,0,0
BRDA:56,1,1,0
BRDA:62,2,0,0
BRDA:62,2,1,0
BRDA:75,3,0,0
BRDA:75,3,1,0
BRDA:86,4,0,0
BRDA:102,5,0,0
BRDA:102,5,1,0
BRDA:113,6,0,0
BRDA:113,6,1,0
BRF:12
BRH:0
end_of_record
TN:
SF:src/analytics/TennisAnalyzer.ts
FN:14,analyzeTennisSessions
FNF:1
FNH:1
FNDA:6,analyzeTennisSessions
DA:12,1
DA:14,1
DA:15,6
DA:16,6
DA:18,6
DA:19,16
DA:21,16
DA:24,6
DA:25,6
DA:30,6
DA:31,6
DA:32,6
DA:33,9
DA:34,7
DA:35,7
DA:39,6
LF:16
LH:16
BRDA:20,0,0,16
BRDA:20,0,1,9
BRDA:33,1,0,7
BRDA:33,2,0,9
BRDA:33,2,1,0
BRDA:34,3,0,7
BRDA:34,3,1,0
BRF:7
BRH:5
end_of_record
TN:
SF:src/commands/habitCommands.ts
FN:11,handleHabitCommand
FN:35,(anonymous_1)
FN:79,(anonymous_2)
FN:93,extractFlag
FNF:4
FNH:4
FNDA:9,handleHabitCommand
FNDA:1,(anonymous_1)
FNDA:1,(anonymous_2)
FNDA:6,extractFlag
DA:2,2
DA:3,2
DA:11,2
DA:16,9
DA:18,9
DA:19,9
DA:21,5
DA:22,5
DA:23,3
DA:24,3
DA:25,3
DA:26,3
DA:27,2
DA:28,2
DA:30,2
DA:31,2
DA:32,2
DA:33,1
DA:35,1
DA:38,0
DA:43,3
DA:44,3
DA:45,3
DA:46,3
DA:47,1
DA:49,2
DA:56,2
DA:61,2
DA:62,1
DA:63,1
DA:64,1
DA:65,0
DA:66,0
DA:70,2
DA:74,1
DA:75,1
DA:76,1
DA:79,1
DA:82,1
DA:86,0
DA:89,0
DA:94,6
DA:95,6
DA:96,1
DA:97,1
LF:45
LH:40
BRDA:19,0,0,5
BRDA:19,0,1,3
BRDA:19,0,2,1
BRDA:19,0,3,0
BRDA:22,1,0,3
BRDA:26,2,0,1
BRDA:27,3,0,2
BRDA:27,3,1,1
BRDA:30,4,0,2
BRDA:32,5,0,1
BRDA:35,6,0,0
BRDA:35,6,1,1
BRDA:46,7,0,1
BRDA:46,8,0,3
BRDA:46,8,1,3
BRDA:46,8,2,2
BRDA:54,9,0,2
BRDA:54,9,1,2
BRDA:61,10,0,1
BRDA:64,11,0,0
BRDA:75,12,0,0
BRDA:95,13,0,5
BRDA:95,14,0,6
BRDA:95,14,1,1
BRF:24
BRH:20
end_of_record
TN:
SF:src/commands/missionCommands.ts
FN:12,handleMissionCommand
FN:26,(anonymous_1)
FN:100,extractFlag
FNF:3
FNH:3
FNDA:15,handleMissionCommand
FNDA:5,(anonymous_1)
FNDA:14,extractFlag
DA:2,2
DA:3,2
DA:12,2
DA:17,15
DA:19,15
DA:20,15
DA:22,5
DA:23,5
DA:24,5
DA:25,5
DA:26,5
DA:29,5
DA:30,4
DA:31,3
DA:32,3
DA:33,3
DA:34,3
DA:38,2
DA:39,2
DA:40,2
DA:41,2
DA:42,2
DA:46,2
DA:47,1
DA:48,1
DA:49,1
DA:50,1
DA:51,1
DA:54,1
DA:55,0
DA:58,2
DA:62,1
DA:63,1
DA:67,2
DA:68,2
DA:69,1
DA:70,1
DA:77,4
DA:78,4
DA:79,1
DA:82,1
DA:91,1
DA:96,1
DA:101,14
DA:102,14
DA:104,2
DA:105,2
LF:47
LH:46
BRDA:20,0,0,5
BRDA:20,0,1,2
BRDA:20,0,2,1
BRDA:20,0,3,2
BRDA:20,0,4,4
BRDA:20,0,5,1
BRDA:29,1,0,1
BRDA:32,2,0,3
BRDA:33,3,0,1
BRDA:44,4,0,2
BRDA:44,4,1,0
BRDA:46,5,0,1
BRDA:49,6,0,1
BRDA:51,7,0,0
BRDA:51,7,1,1
BRDA:54,8,0,0
BRDA:68,9,0,1
BRDA:72,10,0,1
BRDA:72,10,1,0
BRDA:78,11,0,3
BRDA:85,12,0,1
BRDA:85,12,1,0
BRDA:102,13,0,12
BRDA:102,14,0,14
BRDA:102,14,1,2
BRF:25
BRH:20
end_of_record
TN:
SF:src/commands/sleepCommands.ts
FN:13,handleSleepCommand
FN:96,extractFlag
FNF:2
FNH:2
FNDA:9,handleSleepCommand
FNDA:18,extractFlag
DA:2,2
DA:3,2
DA:4,2
DA:6,2
DA:13,2
DA:18,9
DA:20,9
DA:21,9
DA:23,6
DA:24,6
DA:25,6
DA:26,6
DA:27,6
DA:28,6
DA:30,5
DA:31,5
DA:32,5
DA:33,2
DA:34,1
DA:36,1
DA:39,4
DA:40,4
DA:41,1
DA:42,1
DA:43,1
DA:44,1
DA:48,4
DA:56,4
DA:57,4
DA:58,4
DA:60,4
DA:69,3
DA:70,3
DA:71,3
DA:72,2
DA:77,1
DA:78,1
DA:79,1
DA:89,0
DA:92,0
DA:97,18
DA:98,18
DA:99,3
DA:100,3
LF:44
LH:42
BRDA:21,0,0,6
BRDA:21,0,1,3
BRDA:21,0,2,0
BRDA:28,1,0,1
BRDA:32,2,0,2
BRDA:33,3,0,1
BRDA:40,4,0,1
BRDA:42,5,0,1
BRDA:42,6,0,1
BRDA:42,6,1,1
BRDA:53,7,0,4
BRDA:53,7,1,4
BRDA:62,8,0,4
BRDA:62,8,1,0
BRDA:71,9,0,2
BRDA:81,10,0,1
BRDA:81,10,1,0
BRDA:98,11,0,15
BRDA:98,12,0,18
BRDA:98,12,1,3
BRF:20
BRH:17
end_of_record
TN:
SF:src/commands/statusCommands.ts
FN:16,handleStatusCommand
FN:36,(anonymous_1)
FN:37,(anonymous_2)
FN:38,(anonymous_3)
FN:94,(anonymous_4)
FNF:5
FNH:5
FNDA:10,handleStatusCommand
FNDA:1,(anonymous_1)
FNDA:1,(anonymous_2)
FNDA:1,(anonymous_3)
FNDA:1,(anonymous_4)
DA:6,2
DA:7,2
DA:16,2
DA:25,10
DA:27,10
DA:28,10
DA:30,2
DA:34,2
DA:35,2
DA:36,1
DA:37,1
DA:38,1
DA:39,1
DA:43,1
DA:44,1
DA:48,1
DA:50,1
DA:54,2
DA:55,2
DA:56,1
DA:59,1
DA:72,2
DA:73,1
DA:74,1
DA:88,1
DA:89,0
DA:91,1
DA:92,1
DA:93,1
DA:94,1
DA:95,1
DA:99,1
DA:104,0
LF:33
LH:31
BRDA:25,0,0,10
BRDA:25,0,1,1
BRDA:28,1,0,2
BRDA:28,1,1,2
BRDA:28,1,2,2
BRDA:28,1,3,2
BRDA:28,1,4,1
BRDA:28,1,5,1
BRDA:35,2,0,1
BRDA:43,3,0,1
BRDA:45,4,0,0
BRDA:45,4,1,1
BRDA:55,5,0,1
BRDA:64,6,0,1
BRDA:64,6,1,0
BRDA:72,7,0,1
BRDA:76,8,0,1
BRDA:76,8,1,0
BRDA:77,9,0,1
BRDA:77,9,1,0
BRDA:78,10,0,1
BRDA:78,10,1,0
BRDA:79,11,0,1
BRDA:79,11,1,0
BRDA:80,12,0,1
BRDA:80,12,1,0
BRDA:81,13,0,1
BRDA:81,13,1,0
BRDA:82,14,0,1
BRDA:82,14,1,0
BRDA:83,15,0,1
BRDA:83,15,1,0
BRDA:88,16,0,0
BRDA:88,17,0,1
BRDA:88,17,1,1
BRF:35
BRH:24
end_of_record
TN:
SF:src/commands/tennisCommands.ts
FN:15,handleTennisCommand
FN:68,(anonymous_1)
FN:83,extractFlag
FNF:3
FNH:3
FNDA:7,handleTennisCommand
FNDA:2,(anonymous_1)
FNDA:5,extractFlag
DA:3,2
DA:4,2
DA:6,2
DA:15,2
DA:20,7
DA:22,7
DA:23,7
DA:25,3
DA:26,3
DA:27,3
DA:28,3
DA:29,1
DA:33,2
DA:34,2
DA:35,2
DA:36,2
DA:40,2
DA:41,2
DA:42,2
DA:43,2
DA:44,2
DA:45,0
DA:49,2
DA:50,1
DA:56,1
DA:63,2
DA:64,2
DA:65,1
DA:67,1
DA:69,2
DA:71,1
DA:72,1
DA:76,0
DA:79,0
DA:84,5
DA:85,5
DA:86,1
DA:87,1
LF:38
LH:35
BRDA:23,0,0,3
BRDA:23,0,1,2
BRDA:23,0,2,2
BRDA:23,0,3,0
BRDA:28,1,0,1
BRDA:35,2,0,1
BRDA:44,3,0,0
BRDA:49,4,0,1
BRDA:54,5,0,1
BRDA:54,5,1,1
BRDA:64,6,0,1
BRDA:85,7,0,4
BRDA:85,8,0,5
BRDA:85,8,1,1
BRF:14
BRH:12
end_of_record
TN:
SF:src/services/BriefingService.ts
FN:10,(anonymous_0)
FN:19,(anonymous_1)
FN:64,(anonymous_2)
FN:65,(anonymous_3)
FN:90,(anonymous_4)
FNF:5
FNH:3
FNDA:6,(anonymous_0)
FNDA:5,(anonymous_1)
FNDA:0,(anonymous_2)
FNDA:0,(anonymous_3)
FNDA:5,(anonymous_4)
DA:7,2
DA:9,2
DA:11,6
DA:12,6
DA:13,6
DA:14,6
DA:15,6
DA:16,6
DA:21,5
DA:29,5
DA:32,5
DA:33,5
DA:34,1
DA:35,1
DA:36,1
DA:38,4
DA:41,5
DA:42,5
DA:46,5
DA:47,5
DA:50,5
DA:51,5
DA:52,1
DA:55,1
DA:56,1
DA:58,4
DA:60,5
DA:63,5
DA:64,0
DA:65,0
DA:67,0
DA:70,0
DA:72,0
DA:76,5
DA:77,1
DA:78,1
DA:79,1
DA:81,1
DA:85,5
DA:86,5
DA:90,5
DA:94,5
LF:42
LH:37
BRDA:33,0,0,1
BRDA:33,0,1,4
BRDA:36,1,0,1
BRDA:36,1,1,0
BRDA:51,2,0,1
BRDA:51,2,1,4
BRDA:52,3,0,1
BRDA:52,3,1,0
BRDA:56,4,0,1
BRDA:56,4,1,0
BRDA:63,5,0,0
BRDA:67,6,0,0
BRDA:67,6,1,0
BRDA:76,7,0,1
BRF:14
BRH:8
end_of_record
TN:
SF:src/services/CoachingEngine.ts
FN:5,(anonymous_0)
FN:8,(anonymous_1)
FN:66,(anonymous_2)
FN:83,(anonymous_3)
FN:89,(anonymous_4)
FNF:5
FNH:5
FNDA:9,(anonymous_0)
FNDA:8,(anonymous_1)
FNDA:10,(anonymous_2)
FNDA:1,(anonymous_3)
FNDA:1,(anonymous_4)
DA:4,2
DA:5,9
DA:9,8
DA:11,8
DA:12,2
DA:20,8
DA:21,2
DA:29,8
DA:30,2
DA:38,8
DA:39,2
DA:47,8
DA:48,1
DA:56,8
DA:57,1
DA:66,10
DA:67,3
DA:73,5
DA:74,0
DA:82,8
DA:83,1
DA:86,8
DA:90,1
DA:91,1
LF:24
LH:23
BRDA:11,0,0,2
BRDA:11,1,0,8
BRDA:11,1,1,8
BRDA:20,2,0,2
BRDA:20,3,0,8
BRDA:20,3,1,8
BRDA:29,4,0,2
BRDA:29,5,0,8
BRDA:29,5,1,8
BRDA:38,6,0,2
BRDA:38,7,0,8
BRDA:38,7,1,8
BRDA:47,8,0,1
BRDA:47,9,0,8
BRDA:47,9,1,8
BRDA:56,10,0,1
BRDA:56,11,0,8
BRDA:56,11,1,8
BRDA:66,12,0,3
BRDA:66,12,1,5
BRDA:66,13,0,8
BRDA:66,13,1,6
BRDA:73,14,0,0
BRDA:82,15,0,1
BRDA:82,15,1,7
BRDA:83,16,0,1
BRDA:83,16,1,0
BRF:27
BRH:25
end_of_record
TN:
SF:src/services/DebriefService.ts
FN:10,(anonymous_0)
FN:18,(anonymous_1)
FN:30,(anonymous_2)
FN:67,(anonymous_3)
FN:68,(anonymous_4)
FN:79,(anonymous_5)
FNF:6
FNH:6
FNDA:8,(anonymous_0)
FNDA:7,(anonymous_1)
FNDA:1,(anonymous_2)
FNDA:1,(anonymous_3)
FNDA:1,(anonymous_4)
FNDA:7,(anonymous_5)
DA:6,2
DA:7,2
DA:9,2
DA:11,8
DA:12,8
DA:13,8
DA:14,8
DA:15,8
DA:19,7
DA:26,7
DA:29,7
DA:30,1
DA:31,1
DA:32,1
DA:34,1
DA:36,6
DA:40,7
DA:41,7
DA:42,1
DA:43,1
DA:44,1
DA:46,6
DA:48,7
DA:52,7
DA:53,7
DA:56,7
DA:63,7
DA:66,7
DA:67,1
DA:68,1
DA:69,1
DA:72,1
DA:74,1
DA:78,7
DA:79,7
DA:80,7
DA:82,7
LF:37
LH:37
BRDA:29,0,0,1
BRDA:29,0,1,6
BRDA:31,1,0,1
BRDA:31,1,1,0
BRDA:41,2,0,1
BRDA:41,2,1,6
BRDA:44,3,0,1
BRDA:44,3,1,0
BRDA:58,4,0,7
BRDA:58,4,1,0
BRDA:59,5,0,7
BRDA:59,5,1,0
BRDA:60,6,0,7
BRDA:60,6,1,0
BRDA:61,7,0,7
BRDA:61,7,1,0
BRDA:66,8,0,1
BRDA:69,9,0,1
BRDA:69,9,1,0
BRDA:70,10,0,0
BRDA:70,10,1,1
BRF:21
BRH:13
end_of_record
TN:
SF:src/services/DisciplineScoreService.ts
FN:6,(anonymous_0)
FN:11,(anonymous_1)
FN:28,(anonymous_2)
FN:32,(anonymous_3)
FN:36,(anonymous_4)
FNF:5
FNH:4
FNDA:5,(anonymous_0)
FNDA:1,(anonymous_1)
FNDA:2,(anonymous_2)
FNDA:0,(anonymous_3)
FNDA:1,(anonymous_4)
DA:5,2
DA:7,5
DA:8,5
DA:12,1
DA:14,1
DA:29,2
DA:33,0
DA:37,1
LF:8
LH:7
BRDA:32,0,0,0
BRF:1
BRH:0
end_of_record
TN:
SF:src/services/GoalService.ts
FN:14,(anonymous_0)
FN:19,(anonymous_1)
FN:30,(anonymous_2)
FN:61,(anonymous_3)
FN:70,(anonymous_4)
FN:75,(anonymous_5)
FNF:6
FNH:5
FNDA:7,(anonymous_0)
FNDA:0,(anonymous_1)
FNDA:5,(anonymous_2)
FNDA:2,(anonymous_3)
FNDA:1,(anonymous_4)
FNDA:1,(anonymous_5)
DA:13,2
DA:15,7
DA:16,7
DA:23,0
DA:24,0
DA:25,0
DA:26,0
DA:27,0
DA:37,5
DA:38,5
DA:39,4
DA:41,3
DA:49,3
DA:50,3
DA:52,3
DA:53,3
DA:54,3
DA:55,2
DA:56,2
DA:60,3
DA:61,3
DA:62,1
DA:63,1
DA:66,3
DA:67,3
DA:73,1
DA:74,1
DA:76,1
DA:77,1
DA:78,1
DA:79,1
LF:31
LH:26
BRDA:24,0,0,0
BRDA:26,1,0,0
BRDA:38,2,0,1
BRDA:39,3,0,1
BRDA:54,4,0,2
BRDA:54,5,0,3
BRDA:54,5,1,3
BRDA:61,6,0,1
BRDA:79,7,0,1
BRDA:79,7,1,0
BRF:10
BRH:7
end_of_record
TN:
SF:src/services/HabitService.ts
FN:13,(anonymous_0)
FN:19,(anonymous_1)
FN:25,(anonymous_2)
FN:29,(anonymous_3)
FN:58,(anonymous_4)
FNF:5
FNH:2
FNDA:4,(anonymous_0)
FNDA:0,(anonymous_1)
FNDA:0,(anonymous_2)
FNDA:3,(anonymous_3)
FNDA:0,(anonymous_4)
DA:5,2
DA:12,2
DA:14,4
DA:15,4
DA:16,4
DA:20,0
DA:21,0
DA:22,0
DA:26,0
DA:36,3
DA:37,3
DA:39,2
DA:40,2
DA:41,2
DA:43,2
DA:44,2
DA:45,2
DA:46,1
DA:55,2
DA:59,0
LF:20
LH:15
BRDA:21,0,0,0
BRDA:37,1,0,1
BRDA:45,2,0,1
BRF:3
BRH:2
end_of_record
TN:
SF:src/services/MissionService.ts
FN:18,(anonymous_0)
FN:27,(anonymous_1)
FN:63,(anonymous_2)
FN:77,(anonymous_3)
FN:101,(anonymous_4)
FN:104,(anonymous_5)
FN:108,(anonymous_6)
FN:117,(anonymous_7)
FN:127,(anonymous_8)
FN:131,(anonymous_9)
FNF:10
FNH:6
FNDA:11,(anonymous_0)
FNDA:4,(anonymous_1)
FNDA:3,(anonymous_2)
FNDA:0,(anonymous_3)
FNDA:2,(anonymous_4)
FNDA:0,(anonymous_5)
FNDA:1,(anonymous_6)
FNDA:0,(anonymous_7)
FNDA:2,(anonymous_8)
FNDA:0,(anonymous_9)
DA:6,2
DA:7,2
DA:8,2
DA:15,2
DA:19,11
DA:20,11
DA:21,11
DA:22,11
DA:24,11
DA:33,4
DA:34,4
DA:35,1
DA:40,3
DA:41,3
DA:42,2
DA:43,2
DA:44,1
DA:46,1
DA:49,2
DA:50,2
DA:52,2
DA:53,2
DA:60,2
DA:68,3
DA:69,3
DA:71,2
DA:72,2
DA:73,2
DA:77,2
DA:79,2
DA:84,2
DA:85,2
DA:86,1
DA:87,1
DA:88,1
DA:98,2
DA:102,2
DA:103,2
DA:104,1
DA:105,1
DA:109,1
DA:110,1
DA:111,1
DA:112,1
DA:113,1
DA:114,1
DA:115,1
DA:116,1
DA:117,1
DA:118,1
DA:124,1
DA:128,2
DA:132,0
LF:53
LH:52
BRDA:34,0,0,1
BRDA:41,1,0,2
BRDA:43,2,0,1
BRDA:49,3,0,2
BRDA:49,3,1,0
BRDA:52,4,0,2
BRDA:69,5,0,1
BRDA:71,6,0,2
BRDA:71,6,1,0
BRDA:73,7,0,2
BRDA:73,7,1,0
BRDA:81,8,0,2
BRDA:81,8,1,2
BRDA:85,9,0,1
BRDA:87,10,0,1
BRDA:103,11,0,1
BRDA:110,12,0,0
BRDA:113,13,0,1
BRDA:113,13,1,0
BRDA:114,14,0,1
BRDA:114,14,1,0
BRDA:116,15,0,1
BRDA:131,16,0,0
BRF:23
BRH:16
end_of_record
TN:
SF:src/services/SleepService.ts
FN:11,(anonymous_0)
FN:13,(anonymous_1)
FN:26,(anonymous_2)
FN:40,(anonymous_3)
FNF:4
FNH:4
FNDA:9,(anonymous_0)
FNDA:1,(anonymous_1)
FNDA:3,(anonymous_2)
FNDA:6,(anonymous_3)
DA:10,2
DA:11,9
DA:20,1
DA:21,1
DA:22,1
DA:23,1
DA:32,3
DA:33,3
DA:34,3
DA:35,3
DA:36,3
DA:41,6
DA:42,5
DA:43,4
DA:44,3
DA:45,2
LF:16
LH:16
BRDA:41,0,0,1
BRDA:41,1,0,6
BRDA:41,1,1,1
BRDA:42,2,0,1
BRDA:42,3,0,5
BRDA:42,3,1,1
BRDA:43,4,0,1
BRDA:43,5,0,4
BRDA:43,5,1,1
BRDA:44,6,0,1
BRF:10
BRH:10
end_of_record
TN:
SF:src/services/TennisService.ts
FN:14,(anonymous_0)
FN:19,(anonymous_1)
FN:29,(anonymous_2)
FN:55,(anonymous_3)
FN:61,(anonymous_4)
FNF:5
FNH:4
FNDA:5,(anonymous_0)
FNDA:1,(anonymous_1)
FNDA:2,(anonymous_2)
FNDA:1,(anonymous_3)
FNDA:0,(anonymous_4)
DA:4,2
DA:6,2
DA:13,2
DA:15,5
DA:16,5
DA:24,1
DA:25,1
DA:26,1
DA:35,2
DA:37,2
DA:38,2
DA:39,2
DA:40,1
DA:41,1
DA:44,2
DA:52,2
DA:56,1
DA:57,1
DA:58,1
DA:62,0
LF:20
LH:19
BRDA:39,0,0,1
BRDA:39,1,0,2
BRDA:39,1,1,1
BRDA:40,2,0,1
BRDA:40,2,1,1
BRF:5
BRH:5
end_of_record
TN:
SF:src/types/index.ts
FNF:0
FNH:0
DA:180,1
LF:1
LH:1
BRF:0
BRH:0
end_of_record
TN:
SF:src/utils/duration.ts
FN:4,parseDurationToMinutes
FN:22,formatMinutes
FNF:2
FNH:2
FNDA:25,parseDurationToMinutes
FNDA:33,formatMinutes
DA:4,11
DA:5,25
DA:6,25
DA:7,25
DA:9,25
DA:10,25
DA:12,25
DA:13,5
DA:16,20
DA:22,11
DA:23,33
DA:24,20
DA:25,20
DA:26,20
LF:14
LH:14
BRDA:9,0,0,10
BRDA:9,0,1,15
BRDA:10,1,0,15
BRDA:10,1,1,10
BRDA:12,2,0,5
BRDA:12,3,0,25
BRDA:12,3,1,15
BRDA:23,4,0,13
BRDA:26,5,0,8
BRDA:26,5,1,12
BRF:10
BRH:10
end_of_record
TN:
SF:src/utils/formatter.ts
FN:6,formatSuccess
FN:10,formatError
FN:14,formatStatus
FN:16,(anonymous_3)
FN:17,(anonymous_4)
FN:21,formatBlock
FN:31,formatProgress
FNF:7
FNH:7
FNDA:23,formatSuccess
FNDA:15,formatError
FNDA:10,formatStatus
FNDA:30,(anonymous_3)
FNDA:28,(anonymous_4)
FNDA:20,formatBlock
FNDA:4,formatProgress
DA:6,9
DA:7,23
DA:10,9
DA:11,15
DA:14,9
DA:15,10
DA:16,30
DA:17,28
DA:18,10
DA:21,9
DA:22,20
DA:23,20
DA:24,54
DA:25,54
DA:26,54
DA:28,20
DA:31,9
DA:32,4
DA:33,4
DA:34,4
DA:35,4
LF:21
LH:21
BRDA:16,0,0,30
BRDA:16,0,1,29
BRF:2
BRH:2
end_of_record
